This is pdfTeX, Version 3.14159265-2.6-1.40.20 (TeX Live 2019/Debian) (preloaded format=pdflatex 2020.4.25)  1 MAR 2021 20:46
entering extended mode
 restricted \write18 enabled.
 %&-line parsing enabled.
**\nonstopmode\input compile.tex
(./compile.tex (/usr/share/texlive/texmf-dist/tex/latex/base/book.cls
Document Class: book 2019/12/20 v1.4l Standard LaTeX document class
(/usr/share/texlive/texmf-dist/tex/latex/base/bk10.clo
File: bk10.clo 2019/12/20 v1.4l Standard LaTeX file (size option)
)
\c@part=\count167
\c@chapter=\count168
\c@section=\count169
\c@subsection=\count170
\c@subsubsection=\count171
\c@paragraph=\count172
\c@subparagraph=\count173
\c@figure=\count174
\c@table=\count175
\abovecaptionskip=\skip47
\belowcaptionskip=\skip48
\bibindent=\dimen134
)
! Undefined control sequence.
<recently read> \includepackage 
                                
l.2 \includepackage
                   {chapterbib}
The control sequence at the end of the top line
of your error message was never \def'ed. If you have
misspelled it (e.g., `\hobx'), type `I' and the correct
spelling (e.g., `I\hbox'). Otherwise just continue,
and I'll forget about whatever was undefined.


! LaTeX Error: Missing \begin{document}.

See the LaTeX manual or LaTeX Companion for explanation.
Type  H <return>  for immediate help.
 ...                                              
                                                  
l.2 \includepackage{c
                     hapterbib}
You're in trouble here.  Try typing  <return>  to proceed.
If that doesn't work, type  X <return>  to quit.

(/usr/share/texlive/texmf-dist/tex/latex/l3backend/l3backend-pdfmode.def
File: l3backend-pdfmode.def 2020-02-03 L3 backend support: PDF mode
\l__kernel_color_stack_int=\count176
\l__pdf_internal_box=\box45
)
(./compile.aux (./trainingintro.aux) (./intro2IsoplotR.aux))
\openout1 = `compile.aux'.

LaTeX Font Info:    Checking defaults for OML/cmm/m/it on input line 3.
LaTeX Font Info:    ... okay on input line 3.
LaTeX Font Info:    Checking defaults for OMS/cmsy/m/n on input line 3.
LaTeX Font Info:    ... okay on input line 3.
LaTeX Font Info:    Checking defaults for OT1/cmr/m/n on input line 3.
LaTeX Font Info:    ... okay on input line 3.
LaTeX Font Info:    Checking defaults for T1/cmr/m/n on input line 3.
LaTeX Font Info:    ... okay on input line 3.
LaTeX Font Info:    Checking defaults for TS1/cmr/m/n on input line 3.
LaTeX Font Info:    ... okay on input line 3.
LaTeX Font Info:    Checking defaults for OMX/cmex/m/n on input line 3.
LaTeX Font Info:    ... okay on input line 3.
LaTeX Font Info:    Checking defaults for U/cmr/m/n on input line 3.
LaTeX Font Info:    ... okay on input line 3.
 [1{/var/lib/texmf/fonts/map/pdftex/updmap/pdftex.map}

]
\openout2 = `trainingintro.aux'.

 (./trainingintro.tex [2


]
Chapter 1.
LaTeX Font Info:    External font `cmex10' loaded for size
(Font)              <7> on input line 7.
LaTeX Font Info:    External font `cmex10' loaded for size
(Font)              <5> on input line 7.
! Undefined control sequence.
l.9 ...rnest Rutherford and Frederick Soddy \citep
                                                  {rutherford1902a,
The control sequence at the end of the top line
of your error message was never \def'ed. If you have
misspelled it (e.g., `\hobx'), type `I' and the correct
spelling (e.g., `I\hbox'). Otherwise just continue,
and I'll forget about whatever was undefined.

! Undefined control sequence.
l.12 pioneered by Arthur \citet
                               {holmes1911, holmes1913,
The control sequence at the end of the top line
of your error message was never \def'ed. If you have
misspelled it (e.g., `\hobx'), type `I' and the correct
spelling (e.g., `I\hbox'). Otherwise just continue,
and I'll forget about whatever was undefined.

! Undefined control sequence.
l.17 \citep
           {hahn1943}, $^{14}$C \citep{libby1946}, K/Ar
The control sequence at the end of the top line
of your error message was never \def'ed. If you have
misspelled it (e.g., `\hobx'), type `I' and the correct
spelling (e.g., `I\hbox'). Otherwise just continue,
and I'll forget about whatever was undefined.

! Undefined control sequence.
l.17 \citep{hahn1943}, $^{14}$C \citep
                                      {libby1946}, K/Ar
The control sequence at the end of the top line
of your error message was never \def'ed. If you have
misspelled it (e.g., `\hobx'), type `I' and the correct
spelling (e.g., `I\hbox'). Otherwise just continue,
and I'll forget about whatever was undefined.

! Undefined control sequence.
l.18 \citep
           {aldrich1948}, $^{238}$U fission tracks \citep{price1963},
The control sequence at the end of the top line
of your error message was never \def'ed. If you have
misspelled it (e.g., `\hobx'), type `I' and the correct
spelling (e.g., `I\hbox'). Otherwise just continue,
and I'll forget about whatever was undefined.

! Undefined control sequence.
l.18 ...rich1948}, $^{238}$U fission tracks \citep
                                                  {price1963},
The control sequence at the end of the top line
of your error message was never \def'ed. If you have
misspelled it (e.g., `\hobx'), type `I' and the correct
spelling (e.g., `I\hbox'). Otherwise just continue,
and I'll forget about whatever was undefined.

! Undefined control sequence.
l.19 $^{40}$Ar/$^{39}$Ar \citep
                               {merrihue1966}, Sm/Nd \citep{lugmair1974},
The control sequence at the end of the top line
of your error message was never \def'ed. If you have
misspelled it (e.g., `\hobx'), type `I' and the correct
spelling (e.g., `I\hbox'). Otherwise just continue,
and I'll forget about whatever was undefined.

! Undefined control sequence.
l.19 ...{39}$Ar \citep{merrihue1966}, Sm/Nd \citep
                                                  {lugmair1974},
The control sequence at the end of the top line
of your error message was never \def'ed. If you have
misspelled it (e.g., `\hobx'), type `I' and the correct
spelling (e.g., `I\hbox'). Otherwise just continue,
and I'll forget about whatever was undefined.


Underfull \hbox (badness 10000) in paragraph at lines 4--21

 []


LaTeX Warning: Reference `ch:basic-notions' on page 3 undefined on input line 2
3.


LaTeX Warning: Reference `ch:analyticaltechniques' on page 3 undefined on input
 line 27.


LaTeX Warning: Reference `ch:intro2PD' on page 3 undefined on input line 31.


LaTeX Warning: Reference `ch:intro2Useries' on page 3 undefined on input line 3
1.


Underfull \hbox (badness 10000) in paragraph at lines 22--36

 []


LaTeX Warning: Reference `ch:error-propagation' on page 3 undefined on input li
ne 37.

! Undefined control sequence.
l.40 itself'' \citep
                    {ludwig2003b}. Chapter~\ref{ch:exercises} contains a
The control sequence at the end of the top line
of your error message was never \def'ed. If you have
misspelled it (e.g., `\hobx'), type `I' and the correct
spelling (e.g., `I\hbox'). Otherwise just continue,
and I'll forget about whatever was undefined.


LaTeX Warning: Reference `ch:exercises' on page 3 undefined on input line 40.


LaTeX Warning: Reference `ch:programming' on page 3 undefined on input line 42.



Underfull \hbox (badness 10000) in paragraph at lines 37--51

 []

[3]
! Undefined control sequence.
l.56 including \citet
                     {allegre2008}, \citet{braun2006},
The control sequence at the end of the top line
of your error message was never \def'ed. If you have
misspelled it (e.g., `\hobx'), type `I' and the correct
spelling (e.g., `I\hbox'). Otherwise just continue,
and I'll forget about whatever was undefined.

! Undefined control sequence.
l.56 including \citet{allegre2008}, \citet
                                          {braun2006},
The control sequence at the end of the top line
of your error message was never \def'ed. If you have
misspelled it (e.g., `\hobx'), type `I' and the correct
spelling (e.g., `I\hbox'). Otherwise just continue,
and I'll forget about whatever was undefined.

! Undefined control sequence.
l.57 and \citet
               {galbraith2005}. These books are recommended further reading
The control sequence at the end of the top line
of your error message was never \def'ed. If you have
misspelled it (e.g., `\hobx'), type `I' and the correct
spelling (e.g., `I\hbox'). Otherwise just continue,
and I'll forget about whatever was undefined.

! Undefined control sequence.
l.58 ...ial, as is the detailed textbook by \citet
                                                  {dickin2005}, from
The control sequence at the end of the top line
of your error message was never \def'ed. If you have
misspelled it (e.g., `\hobx'), type `I' and the correct
spelling (e.g., `I\hbox'). Otherwise just continue,
and I'll forget about whatever was undefined.

! Undefined control sequence.
l.59 which both \citet
                      {allegre2008} and van den Haute heavily
The control sequence at the end of the top line
of your error message was never \def'ed. If you have
misspelled it (e.g., `\hobx'), type `I' and the correct
spelling (e.g., `I\hbox'). Otherwise just continue,
and I'll forget about whatever was undefined.


LaTeX Warning: Reference `ch:programming' on page 4 undefined on input line 61.



Overfull \hbox (27.943pt too wide) in paragraph at lines 52--63
\OT1/cmr/m/n/10 prac-ti-cals of Chap-ter [], can be found at \OT1/cmtt/m/n/10 h
ttps://github.com/pvermees/geotopes/\OT1/cmr/m/n/10 . 
 []

[4] [5

]) [6]
\openout2 = `intro2IsoplotR.aux'.

 (./intro2IsoplotR.tex
Chapter 2.
LaTeX Font Info:    Font shape `OT1/cmtt/bx/n' in size <24.88> not available
(Font)              Font shape `OT1/cmtt/m/n' tried instead on input line 1.

Underfull \hbox (badness 10000) in paragraph at lines 4--13

 []

! Undefined control sequence.
l.17 spreadsheet environment \citep
                                   {ludwig1988, ludwig1999, ludwig2003,
The control sequence at the end of the top line
of your error message was never \def'ed. If you have
misspelled it (e.g., `\hobx'), type `I' and the correct
spelling (e.g., `I\hbox'). Otherwise just continue,
and I'll forget about whatever was undefined.


Underfull \hbox (badness 10000) in paragraph at lines 14--28

 []

! Undefined control sequence.
l.30 for \texttt{Isoplot} \citep
                                {vermeesch2018c}.  \texttt{IsoplotR}'s
The control sequence at the end of the top line
of your error message was never \def'ed. If you have
misspelled it (e.g., `\hobx'), type `I' and the correct
spelling (e.g., `I\hbox'). Otherwise just continue,
and I'll forget about whatever was undefined.


LaTeX Warning: Reference `ch:formats' on page 7 undefined on input line 32.


Underfull \hbox (badness 10000) in paragraph at lines 29--37

 []


LaTeX Warning: Reference `ch:regression' on page 7 undefined on input line 38.


LaTeX Warning: Reference `ch:overdispersion' on page 7 undefined on input line 
43.


LaTeX Warning: Reference `ch:averaging' on page 7 undefined on input line 45.


LaTeX Warning: Reference `ch:confidence' on page 7 undefined on input line 47.


Underfull \hbox (badness 10000) in paragraph at lines 38--51

 []

[7



]

LaTeX Warning: Reference `ch:density' on page 8 undefined on input line 52.


LaTeX Warning: Reference `ch:mixtures' on page 8 undefined on input line 62.


Underfull \hbox (badness 10000) in paragraph at lines 52--63

 []


LaTeX Warning: Reference `ch:PD' on page 8 undefined on input line 66.


LaTeX Warning: Reference `ch:UPb' on page 8 undefined on input line 68.


LaTeX Warning: Reference `ch:detritals' on page 8 undefined on input line 72.


LaTeX Warning: Reference `ch:USeries' on page 8 undefined on input line 75.


LaTeX Warning: Reference `ch:thermochronology' on page 8 undefined on input lin
e 76.


LaTeX Warning: Reference `sec:future' on page 8 undefined on input line 80.


Underfull \hbox (badness 10000) in paragraph at lines 88--90

 []

LaTeX Font Info:    External font `cmex10' loaded for size
(Font)              <8> on input line 92.
LaTeX Font Info:    External font `cmex10' loaded for size
(Font)              <6> on input line 92.

Overfull \hbox (9.87874pt too wide) in paragraph at lines 91--99
\OT1/cmr/m/n/10 ware in-stal-la-tion. Sec-ond, the \OT1/cmtt/m/n/10 IsoplotR \O
T1/cmr/m/n/10 web-site is per-fectly platform-independent.
 []


Underfull \hbox (badness 10000) in paragraph at lines 91--99

 []

[8]
Underfull \hbox (badness 10000) in paragraph at lines 100--108

 []


Underfull \hbox (badness 10000) in paragraph at lines 109--113

 []


LaTeX Warning: Reference `sec:R' on page 9 undefined on input line 118.


LaTeX Warning: Reference `it:installingIsoplotR' on page 9 undefined on input l
ine 118.

(./compile.bbl [9] [10

]

LaTeX Warning: Empty `thebibliography' environment on input line 8.

)) [11] (./compile.aux (./trainingintro.aux) (./intro2IsoplotR.aux))

LaTeX Warning: There were undefined references.

 ) 
Here is how much of TeX's memory you used:
 498 strings out of 481239
 7909 string characters out of 5920377
 241564 words of memory out of 5000000
 15815 multiletter control sequences out of 15000+600000
 537659 words of font info for 43 fonts, out of 8000000 for 9000
 1141 hyphenation exceptions out of 8191
 28i,8n,22p,203b,211s stack positions out of 5000i,500n,10000p,200000b,80000s
</usr/share/texlive/texmf-dist/fonts/type1/public/amsfonts/cm/cmbx10.pfb></us
r/share/texlive/texmf-dist/fonts/type1/public/amsfonts/cm/cmbx12.pfb></usr/shar
e/texlive/texmf-dist/fonts/type1/public/amsfonts/cm/cmr10.pfb></usr/share/texli
ve/texmf-dist/fonts/type1/public/amsfonts/cm/cmr6.pfb></usr/share/texlive/texmf
-dist/fonts/type1/public/amsfonts/cm/cmr7.pfb></usr/share/texlive/texmf-dist/fo
nts/type1/public/amsfonts/cm/cmsl10.pfb></usr/share/texlive/texmf-dist/fonts/ty
pe1/public/amsfonts/cm/cmsltt10.pfb></usr/share/texlive/texmf-dist/fonts/type1/
public/amsfonts/cm/cmti10.pfb></usr/share/texlive/texmf-dist/fonts/type1/public
/amsfonts/cm/cmtt10.pfb></usr/share/texlive/texmf-dist/fonts/type1/public/amsfo
nts/cm/cmtt12.pfb></usr/share/texlive/texmf-dist/fonts/type1/public/amsfonts/cm
/cmtt8.pfb>
Output written on compile.pdf (11 pages, 138806 bytes).
PDF statistics:
 84 PDF objects out of 1000 (max. 8388607)
 59 compressed objects within 1 object stream
 0 named destinations out of 1000 (max. 500000)
 1 words of extra memory for PDF output out of 10000 (max. 10000000)

