\BOOKMARK [-1][-]{part.1}{\376\377\000I\000\040\000B\000a\000s\000i\000c\000\040\000g\000e\000o\000c\000h\000r\000o\000n\000o\000l\000o\000g\000y}{}% 1
\BOOKMARK [0][-]{chapter.1}{\376\377\000I\000n\000t\000r\000o\000d\000u\000c\000t\000i\000o\000n}{part.1}% 2
\BOOKMARK [0][-]{chapter.2}{\376\377\000B\000a\000s\000i\000c\000\040\000N\000o\000t\000i\000o\000n\000s}{part.1}% 3
\BOOKMARK [1][-]{section.2.1}{\376\377\000I\000s\000o\000t\000o\000p\000e\000s\000\040\000a\000n\000d\000\040\000r\000a\000d\000i\000o\000a\000c\000t\000i\000v\000i\000t\000y}{chapter.2}% 4
\BOOKMARK [1][-]{section.2.2}{\376\377\000R\000a\000d\000i\000o\000a\000c\000t\000i\000v\000i\000t\000y}{chapter.2}% 5
\BOOKMARK [1][-]{section.2.3}{\376\377\000T\000h\000e\000\040\000a\000g\000e\000\040\000e\000q\000u\000a\000t\000i\000o\000n}{chapter.2}% 6
\BOOKMARK [1][-]{section.2.4}{\376\377\000D\000e\000c\000a\000y\000\040\000s\000e\000r\000i\000e\000s}{chapter.2}% 7
\BOOKMARK [0][-]{chapter.3}{\376\377\000A\000n\000a\000l\000y\000t\000i\000c\000a\000l\000\040\000t\000e\000c\000h\000n\000i\000q\000u\000e\000s}{part.1}% 8
\BOOKMARK [1][-]{section.3.1}{\376\377\000M\000a\000s\000s\000\040\000s\000p\000e\000c\000t\000r\000o\000m\000e\000t\000r\000y}{chapter.3}% 9
\BOOKMARK [1][-]{section.3.2}{\376\377\000I\000s\000o\000t\000o\000p\000e\000\040\000d\000i\000l\000u\000t\000i\000o\000n}{chapter.3}% 10
\BOOKMARK [1][-]{section.3.3}{\376\377\000S\000a\000m\000p\000l\000e\000-\000s\000t\000a\000n\000d\000a\000r\000d\000\040\000b\000r\000a\000c\000k\000e\000t\000i\000n\000g}{chapter.3}% 11
\BOOKMARK [0][-]{chapter.4}{\376\377\000S\000i\000m\000p\000l\000e\000\040\000p\000a\000r\000e\000n\000t\000-\000d\000a\000u\000g\000h\000t\000e\000r\000\040\000p\000a\000i\000r\000s}{part.1}% 12
\BOOKMARK [1][-]{section.4.1}{\376\377\0001\0004\000C\000\040\000d\000a\000t\000i\000n\000g}{chapter.4}% 13
\BOOKMARK [1][-]{section.4.2}{\376\377\000T\000h\000e\000\040\000R\000b\000-\000S\000r\000\040\000m\000e\000t\000h\000o\000d}{chapter.4}% 14
\BOOKMARK [1][-]{section.4.3}{\376\377\000I\000s\000o\000c\000h\000r\000o\000n\000s}{chapter.4}% 15
\BOOKMARK [1][-]{section.4.4}{\376\377\000T\000h\000e\000\040\000S\000m\000-\000N\000d\000\040\000m\000e\000t\000h\000o\000d}{chapter.4}% 16
\BOOKMARK [0][-]{chapter.5}{\376\377\000T\000h\000e\000\040\000U\000-\000P\000b\000\040\000s\000y\000s\000t\000e\000m}{part.1}% 17
\BOOKMARK [1][-]{section.5.1}{\376\377\000T\000h\000e\000\040\000U\000-\000\050\000T\000h\000-\000\051\000P\000b\000\040\000m\000e\000t\000h\000o\000d}{chapter.5}% 18
\BOOKMARK [1][-]{section.5.2}{\376\377\000T\000h\000e\000\040\000P\000b\000-\000P\000b\000\040\000m\000e\000t\000h\000o\000d}{chapter.5}% 19
\BOOKMARK [1][-]{section.5.3}{\376\377\000C\000o\000n\000c\000o\000r\000d\000i\000a}{chapter.5}% 20
\BOOKMARK [1][-]{section.5.4}{\376\377\000D\000e\000t\000r\000i\000t\000a\000l\000\040\000g\000e\000o\000c\000h\000r\000o\000n\000o\000l\000o\000g\000y}{chapter.5}% 21
\BOOKMARK [0][-]{chapter.6}{\376\377\000T\000h\000e\000\040\000K\040\023\000A\000r\000\040\000s\000y\000s\000t\000e\000m}{part.1}% 22
\BOOKMARK [1][-]{section.6.1}{\376\377\000K\000-\000A\000r\000\040\000d\000a\000t\000i\000n\000g}{chapter.6}% 23
\BOOKMARK [1][-]{section.6.2}{\376\377\0004\0000\000A\000r\000/\0003\0009\000A\000r\000\040\000d\000a\000t\000i\000n\000g}{chapter.6}% 24
\BOOKMARK [1][-]{section.6.3}{\376\377\000A\000p\000p\000l\000i\000c\000a\000t\000i\000o\000n\000s}{chapter.6}% 25
\BOOKMARK [0][-]{chapter.7}{\376\377\000T\000h\000e\000r\000m\000o\000c\000h\000r\000o\000n\000o\000l\000o\000g\000y}{part.1}% 26
\BOOKMARK [1][-]{section.7.1}{\376\377\000T\000h\000e\000\040\000U\000-\000T\000h\000-\000H\000e\000\040\000m\000e\000t\000h\000o\000d}{chapter.7}% 27
\BOOKMARK [1][-]{section.7.2}{\376\377\000F\000i\000s\000s\000i\000o\000n\000\040\000t\000r\000a\000c\000k\000s}{chapter.7}% 28
\BOOKMARK [0][-]{chapter.8}{\376\377\000U\000-\000s\000e\000r\000i\000e\000s\000\040\000d\000a\000t\000i\000n\000g}{part.1}% 29
\BOOKMARK [1][-]{section.8.1}{\376\377\000T\000h\000e\000\040\0002\0003\0004\000U\000-\0002\0003\0008\000U\000\040\000m\000e\000t\000h\000o\000d}{chapter.8}% 30
\BOOKMARK [1][-]{section.8.2}{\376\377\000T\000h\000e\000\040\0002\0003\0000\000T\000h\000\040\000m\000e\000t\000h\000o\000d}{chapter.8}% 31
\BOOKMARK [1][-]{section.8.3}{\376\377\000T\000h\000e\000\040\0002\0003\0000\000T\000h\000-\000U\000\040\000m\000e\000t\000h\000o\000d}{chapter.8}% 32
\BOOKMARK [0][-]{chapter.9}{\376\377\000E\000r\000r\000o\000r\000\040\000p\000r\000o\000p\000a\000g\000a\000t\000i\000o\000n}{part.1}% 33
\BOOKMARK [1][-]{section.9.1}{\376\377\000S\000o\000m\000e\000\040\000b\000a\000s\000i\000c\000\040\000d\000e\000f\000i\000n\000i\000t\000i\000o\000n\000s}{chapter.9}% 34
\BOOKMARK [1][-]{section.9.2}{\376\377\000E\000x\000a\000m\000p\000l\000e\000s}{chapter.9}% 35
\BOOKMARK [1][-]{section.9.3}{\376\377\000A\000c\000c\000u\000r\000a\000c\000y\000\040\000v\000s\000.\000\040\000p\000r\000e\000c\000i\000s\000i\000o\000n}{chapter.9}% 36
\BOOKMARK [0][-]{chapter.10}{\376\377\000E\000x\000e\000r\000c\000i\000s\000e\000s}{part.1}% 37
\BOOKMARK [0][-]{chapter.11}{\376\377\000P\000r\000o\000g\000r\000a\000m\000m\000i\000n\000g\000\040\000p\000r\000a\000c\000t\000i\000c\000a\000l\000s}{part.1}% 38
\BOOKMARK [1][-]{section.11.1}{\376\377\000I\000n\000t\000r\000o\000d\000u\000c\000t\000i\000o\000n\000\040\000t\000o\000\040\000R}{chapter.11}% 39
\BOOKMARK [1][-]{section.11.2}{\376\377\000U\000-\000T\000h\000-\000P\000b\000\040\000d\000a\000t\000a\000\040\000r\000e\000d\000u\000c\000t\000i\000o\000n}{chapter.11}% 40
\BOOKMARK [1][-]{section.11.3}{\376\377\0004\0000\000A\000r\000/\0003\0009\000A\000r\000\040\000d\000a\000t\000a\000\040\000r\000e\000d\000u\000c\000t\000i\000o\000n}{chapter.11}% 41
\BOOKMARK [1][-]{section.11.4}{\376\377\000E\000r\000r\000o\000r\000\040\000p\000r\000o\000p\000a\000g\000a\000t\000i\000o\000n}{chapter.11}% 42
\BOOKMARK [1][-]{section.11.5}{\376\377\000F\000i\000s\000s\000i\000o\000n\000\040\000t\000r\000a\000c\000k\000s}{chapter.11}% 43
\BOOKMARK [-1][-]{part.2}{\376\377\000I\000I\000\040\000A\000d\000v\000a\000n\000c\000e\000d\000\040\000g\000e\000o\000c\000h\000r\000o\000n\000o\000l\000o\000g\000y}{}% 44
\BOOKMARK [0][-]{chapter.12}{\376\377\000I\000n\000t\000r\000o\000d\000u\000c\000t\000i\000o\000n}{part.2}% 45
\BOOKMARK [0][-]{chapter.13}{\376\377\000S\000t\000a\000t\000i\000s\000t\000i\000c\000a\000l\000\040\000c\000o\000n\000s\000i\000d\000e\000r\000a\000t\000i\000o\000n\000s}{part.2}% 46
\BOOKMARK [1][-]{section.13.1}{\376\377\000T\000h\000e\000\040\000n\000o\000r\000m\000a\000l\000\040\000d\000i\000s\000t\000r\000i\000b\000u\000t\000i\000o\000n}{chapter.13}% 47
\BOOKMARK [1][-]{section.13.2}{\376\377\000T\000h\000e\000\040\000m\000e\000t\000h\000o\000d\000\040\000o\000f\000\040\000m\000a\000x\000i\000m\000u\000m\000\040\000l\000i\000k\000e\000l\000i\000h\000o\000o\000d}{chapter.13}% 48
\BOOKMARK [1][-]{section.13.3}{\376\377\000T\000h\000e\000\040\000m\000e\000a\000n\000\040\000s\000q\000u\000a\000r\000e\000\040\000o\000f\000\040\000w\000e\000i\000g\000h\000t\000e\000d\000\040\000d\000e\000v\000i\000a\000t\000e\000s\000\040\000\050\000M\000S\000W\000D\000\051}{chapter.13}% 49
\BOOKMARK [1][-]{section.13.4}{\376\377\000D\000e\000a\000l\000i\000n\000g\000\040\000w\000i\000t\000h\000\040\000o\000v\000e\000r\000d\000i\000s\000p\000e\000r\000s\000i\000o\000n}{chapter.13}% 50
\BOOKMARK [1][-]{section.13.5}{\376\377\000E\000r\000r\000o\000r\000\040\000c\000o\000r\000r\000e\000l\000a\000t\000i\000o\000n\000s}{chapter.13}% 51
\BOOKMARK [1][-]{section.13.6}{\376\377\000L\000i\000n\000e\000a\000r\000\040\000r\000e\000g\000r\000e\000s\000s\000i\000o\000n}{chapter.13}% 52
\BOOKMARK [1][-]{section.13.7}{\376\377\000C\000o\000n\000f\000i\000d\000e\000n\000c\000e\000\040\000i\000n\000t\000e\000r\000v\000a\000l\000s}{chapter.13}% 53
\BOOKMARK [0][-]{chapter.14}{\376\377\000G\000e\000n\000e\000r\000i\000c\000\040\000f\000u\000n\000c\000t\000i\000o\000n\000s}{part.2}% 54
\BOOKMARK [1][-]{section.14.1}{\376\377\000W\000e\000i\000g\000h\000t\000e\000d\000\040\000m\000e\000a\000n\000\040\000a\000n\000d\000\040\000o\000u\000t\000l\000i\000e\000r\000\040\000d\000e\000t\000e\000c\000t\000i\000o\000n}{chapter.14}% 55
\BOOKMARK [1][-]{section.14.2}{\376\377\000F\000r\000e\000q\000u\000e\000n\000c\000y\000\040\000d\000i\000s\000t\000r\000i\000b\000u\000t\000i\000o\000n\000s}{chapter.14}% 56
\BOOKMARK [1][-]{section.14.3}{\376\377\000R\000a\000d\000i\000a\000l\000\040\000p\000l\000o\000t\000s}{chapter.14}% 57
\BOOKMARK [1][-]{section.14.4}{\376\377\000M\000i\000x\000t\000u\000r\000e\000\040\000m\000o\000d\000e\000l\000s}{chapter.14}% 58
\BOOKMARK [0][-]{chapter.15}{\376\377\000U\040\023\000P\000b\000\040\000g\000e\000o\000c\000h\000r\000o\000n\000o\000l\000o\000g\000y}{part.2}% 59
\BOOKMARK [1][-]{section.15.1}{\376\377\000I\000n\000p\000u\000t\000\040\000f\000o\000r\000m\000a\000t\000s}{chapter.15}% 60
\BOOKMARK [1][-]{section.15.2}{\376\377\000C\000o\000n\000c\000o\000r\000d\000i\000a\000\040\000d\000i\000a\000g\000r\000a\000m\000s\000\040\000a\000n\000d\000\040\000a\000g\000e\000s}{chapter.15}% 61
\BOOKMARK [1][-]{section.15.3}{\376\377\000D\000i\000s\000c\000o\000r\000d\000i\000a\000/\000i\000s\000o\000c\000h\000r\000o\000n\000\040\000r\000e\000g\000r\000e\000s\000s\000i\000o\000n}{chapter.15}% 62
\BOOKMARK [1][-]{section.15.4}{\376\377\000C\000o\000m\000m\000o\000n\000\040\000P\000b}{chapter.15}% 63
\BOOKMARK [1][-]{section.15.5}{\376\377\000I\000n\000i\000t\000i\000a\000l\000\040\000d\000i\000s\000e\000q\000u\000i\000l\000i\000b\000r\000i\000u\000m}{chapter.15}% 64
\BOOKMARK [1][-]{section.15.6}{\376\377\000D\000i\000s\000c\000o\000r\000d\000a\000n\000c\000e\000\040\000f\000i\000l\000t\000e\000r\000s}{chapter.15}% 65
\BOOKMARK [0][-]{chapter.16}{\376\377\000P\000b\040\023\000P\000b\000\040\000a\000n\000d\000\040\000T\000h\040\023\000P\000b}{part.2}% 66
\BOOKMARK [1][-]{section.16.1}{\376\377\000P\000b\040\023\000P\000b}{chapter.16}% 67
\BOOKMARK [1][-]{section.16.2}{\376\377\000\050\000i\000n\000v\000e\000r\000s\000e\000\051\000\040\000i\000s\000o\000c\000h\000r\000o\000n\000s}{chapter.16}% 68
\BOOKMARK [1][-]{section.16.3}{\376\377\000T\000h\000e\000\040\000S\000t\000a\000c\000e\000y\000-\000K\000r\000a\000m\000e\000r\000s\000\040\000g\000r\000o\000w\000t\000h\000\040\000c\000u\000r\000v\000e}{chapter.16}% 69
\BOOKMARK [1][-]{section.16.4}{\376\377\000T\000h\040\023\000P\000b}{chapter.16}% 70
\BOOKMARK [1][-]{section.16.5}{\376\377\000S\000i\000n\000g\000l\000e\000\040\000g\000r\000a\000i\000n\000\040\000a\000g\000e\000s}{chapter.16}% 71
\BOOKMARK [0][-]{chapter.17}{\376\377\000A\000r\040\023\000A\000r\000\040\000a\000n\000d\000\040\000K\040\023\000C\000a}{part.2}% 72
\BOOKMARK [1][-]{section.17.1}{\376\377\000A\000r\040\023\000A\000r}{chapter.17}% 73
\BOOKMARK [1][-]{section.17.2}{\376\377\000A\000g\000e\000\040\000s\000p\000e\000c\000t\000r\000a}{chapter.17}% 74
\BOOKMARK [1][-]{section.17.3}{\376\377\000K\040\023\000C\000a}{chapter.17}% 75
\BOOKMARK [0][-]{chapter.18}{\376\377\000R\000b\040\023\000S\000r\000,\000\040\000S\000m\040\023\000N\000d\000,\000\040\000L\000u\040\023\000H\000f\000\040\000a\000n\000d\000\040\000R\000e\040\023\000O\000s}{part.2}% 76
\BOOKMARK [0][-]{chapter.19}{\376\377\000U\040\023\000T\000h\040\023\000\050\000S\000m\000\051\040\023\000H\000e}{part.2}% 77
\BOOKMARK [1][-]{section.19.1}{\376\377\000T\000h\000e\000\040\000-\000e\000j\000e\000c\000t\000i\000o\000n\000\040\000c\000o\000r\000r\000e\000c\000t\000i\000o\000n}{chapter.19}% 78
\BOOKMARK [1][-]{section.19.2}{\376\377\000I\000s\000o\000c\000h\000r\000o\000n\000s}{chapter.19}% 79
\BOOKMARK [1][-]{section.19.3}{\376\377\000C\000o\000m\000p\000o\000s\000i\000t\000i\000o\000n\000a\000l\000\040\000d\000a\000t\000a\000\040\000a\000n\000a\000l\000y\000s\000i\000s\000\040\000a\000n\000d\000\040\000t\000h\000e\000\040\000`\000h\000e\000l\000i\000o\000p\000l\000o\000t\000'}{chapter.19}% 80
\BOOKMARK [0][-]{chapter.20}{\376\377\000F\000i\000s\000s\000i\000o\000n\000\040\000t\000r\000a\000c\000k\000s}{part.2}% 81
\BOOKMARK [1][-]{section.20.1}{\376\377\000T\000h\000e\000\040\000e\000x\000t\000e\000r\000n\000a\000l\000\040\000d\000e\000t\000e\000c\000t\000o\000r\000\040\000m\000e\000t\000h\000o\000d}{chapter.20}% 82
\BOOKMARK [1][-]{section.20.2}{\376\377\000L\000A\000-\000I\000C\000P\000-\000M\000S\000\040\000b\000a\000s\000e\000d\000\040\000f\000i\000s\000s\000i\000o\000n\000\040\000t\000r\000a\000c\000k\000\040\000d\000a\000t\000i\000n\000g}{chapter.20}% 83
\BOOKMARK [1][-]{section.20.3}{\376\377\000C\000o\000m\000p\000o\000s\000i\000t\000i\000o\000n\000a\000l\000\040\000z\000o\000n\000i\000n\000g}{chapter.20}% 84
\BOOKMARK [1][-]{section.20.4}{\376\377\000Z\000e\000r\000o\000\040\000t\000r\000a\000c\000k\000\040\000c\000o\000u\000n\000t\000s}{chapter.20}% 85
\BOOKMARK [0][-]{chapter.21}{\376\377\0002\0003\0000\000T\000h\040\023\000U}{part.2}% 86
\BOOKMARK [1][-]{section.21.1}{\376\377\000D\000a\000t\000a\000\040\000f\000o\000r\000m\000a\000t\000s}{chapter.21}% 87
\BOOKMARK [1][-]{section.21.2}{\376\377\000I\000s\000o\000c\000h\000r\000o\000n\000s}{chapter.21}% 88
\BOOKMARK [1][-]{section.21.3}{\376\377\000T\000h\040\023\000U\000\040\000e\000v\000o\000l\000u\000t\000i\000o\000n\000\040\000d\000i\000a\000g\000r\000a\000m\000s}{chapter.21}% 89
\BOOKMARK [0][-]{chapter.22}{\376\377\000D\000e\000t\000r\000i\000t\000a\000l\000\040\000g\000e\000o\000c\000h\000r\000o\000n\000o\000l\000o\000g\000y}{part.2}% 90
\BOOKMARK [1][-]{section.22.1}{\376\377\000M\000a\000x\000i\000m\000u\000m\000\040\000d\000e\000p\000o\000s\000i\000t\000i\000o\000n\000a\000l\000\040\000a\000g\000e\000\040\000e\000s\000t\000i\000m\000a\000t\000i\000o\000n}{chapter.22}% 91
\BOOKMARK [1][-]{section.22.2}{\376\377\000M\000u\000l\000t\000i\000-\000s\000a\000m\000p\000l\000e\000\040\000p\000l\000o\000t\000s}{chapter.22}% 92
\BOOKMARK [1][-]{section.22.3}{\376\377\000M\000u\000l\000t\000i\000d\000i\000m\000e\000n\000s\000i\000o\000n\000a\000l\000\040\000s\000c\000a\000l\000i\000n\000g}{chapter.22}% 93
\BOOKMARK [-1][-]{part.3}{\376\377\000I\000I\000I\000\040\000I\000s\000o\000p\000l\000o\000t\000R\000\040\000m\000a\000n\000u\000a\000l}{}% 94
\BOOKMARK [0][-]{chapter.23}{\376\377\000I\000n\000t\000r\000o\000d\000u\000c\000t\000i\000o\000n\000\040\000t\000o\000\040\000I\000s\000o\000p\000l\000o\000t\000R}{part.3}% 95
\BOOKMARK [1][-]{section.23.1}{\376\377\000S\000o\000f\000t\000w\000a\000r\000e\000\040\000a\000r\000c\000h\000i\000t\000e\000c\000t\000u\000r\000e}{chapter.23}% 96
\BOOKMARK [1][-]{section.23.2}{\376\377\000T\000h\000e\000\040\000G\000r\000a\000p\000h\000i\000c\000a\000l\000\040\000U\000s\000e\000r\000\040\000I\000n\000t\000e\000r\000f\000a\000c\000e\000\040\000\050\000G\000U\000I\000\051}{chapter.23}% 97
\BOOKMARK [1][-]{section.23.3}{\376\377\000T\000h\000e\000\040\000C\000o\000m\000m\000a\000n\000d\000\040\000L\000i\000n\000e\000\040\000I\000n\000t\000e\000r\000f\000a\000c\000e\000\040\000\050\000C\000L\000I\000\051}{chapter.23}% 98
\BOOKMARK [0][-]{chapter.24}{\376\377\000G\000e\000n\000e\000r\000i\000c\000\040\000f\000u\000n\000c\000t\000i\000o\000n\000s}{part.3}% 99
\BOOKMARK [1][-]{section.24.1}{\376\377\000R\000a\000d\000i\000a\000l\000\040\000p\000l\000o\000t\000s}{chapter.24}% 100
\BOOKMARK [1][-]{section.24.2}{\376\377\000R\000e\000g\000r\000e\000s\000s\000i\000o\000n}{chapter.24}% 101
\BOOKMARK [1][-]{section.24.3}{\376\377\000W\000e\000i\000g\000h\000t\000e\000d\000\040\000m\000e\000a\000n\000s}{chapter.24}% 102
\BOOKMARK [1][-]{section.24.4}{\376\377\000A\000g\000e\000\040\000s\000p\000e\000c\000t\000r\000a}{chapter.24}% 103
\BOOKMARK [1][-]{section.24.5}{\376\377\000K\000e\000r\000n\000e\000l\000\040\000d\000e\000n\000s\000i\000t\000y\000\040\000e\000s\000t\000i\000m\000a\000t\000e\000s}{chapter.24}% 104
\BOOKMARK [1][-]{section.24.6}{\376\377\000C\000u\000m\000u\000l\000a\000t\000i\000v\000e\000\040\000a\000g\000e\000\040\000d\000i\000s\000t\000r\000i\000b\000u\000t\000i\000o\000n\000s}{chapter.24}% 105
\BOOKMARK [0][-]{chapter.25}{\376\377\000U\040\023\000P\000b}{part.3}% 106
\BOOKMARK [1][-]{section.25.1}{\376\377\000G\000e\000n\000e\000r\000a\000l\000\040\000o\000p\000t\000i\000o\000n\000s}{chapter.25}% 107
\BOOKMARK [1][-]{section.25.2}{\376\377\000C\000o\000n\000c\000o\000r\000d\000i\000a}{chapter.25}% 108
\BOOKMARK [1][-]{section.25.3}{\376\377\000I\000s\000o\000c\000h\000r\000o\000n\000s}{chapter.25}% 109
\BOOKMARK [1][-]{section.25.4}{\376\377\000R\000a\000d\000i\000a\000l\000\040\000p\000l\000o\000t\000s}{chapter.25}% 110
\BOOKMARK [1][-]{section.25.5}{\376\377\000W\000e\000i\000g\000h\000t\000e\000d\000\040\000m\000e\000a\000n}{chapter.25}% 111
\BOOKMARK [1][-]{section.25.6}{\376\377\000K\000e\000r\000n\000e\000l\000\040\000d\000e\000n\000s\000i\000t\000y\000\040\000e\000s\000t\000i\000m\000a\000t\000e\000s}{chapter.25}% 112
\BOOKMARK [1][-]{section.25.7}{\376\377\000C\000u\000m\000u\000l\000a\000t\000i\000v\000e\000\040\000a\000g\000e\000\040\000d\000i\000s\000t\000r\000i\000b\000u\000t\000i\000o\000n\000s}{chapter.25}% 113
\BOOKMARK [1][-]{section.25.8}{\376\377\000A\000g\000e\000s}{chapter.25}% 114
\BOOKMARK [0][-]{chapter.26}{\376\377\000P\000b\040\023\000P\000b\000\040\000a\000n\000d\000\040\000T\000h\040\023\000P\000b}{part.3}% 115
\BOOKMARK [1][-]{section.26.1}{\376\377\000P\000b\040\023\000P\000b}{chapter.26}% 116
\BOOKMARK [1][-]{section.26.2}{\376\377\000P\000b\040\023\000P\000b\000\040\000i\000s\000o\000c\000h\000r\000o\000n\000s}{chapter.26}% 117
\BOOKMARK [1][-]{section.26.3}{\376\377\000P\000b\040\023\000P\000b\000\040\000a\000g\000e\000s}{chapter.26}% 118
\BOOKMARK [1][-]{section.26.4}{\376\377\000T\000h\040\023\000P\000b}{chapter.26}% 119
\BOOKMARK [1][-]{section.26.5}{\376\377\000T\000h\040\023\000P\000b\000\040\000i\000s\000o\000c\000h\000r\000o\000n\000s}{chapter.26}% 120
\BOOKMARK [1][-]{section.26.6}{\376\377\000T\000h\040\023\000P\000b\000\040\000a\000g\000e\000s}{chapter.26}% 121
\BOOKMARK [1][-]{section.26.7}{\376\377\000R\000a\000d\000i\000a\000l\000,\000\040\000w\000e\000i\000g\000h\000t\000e\000d\000\040\000m\000e\000a\000n\000,\000\040\000K\000D\000E\000\040\000a\000n\000d\000\040\000C\000A\000D\000\040\000p\000l\000o\000t\000s}{chapter.26}% 122
\BOOKMARK [0][-]{chapter.27}{\376\377\000A\000r\040\023\000A\000r\000\040\000a\000n\000d\000\040\000K\040\023\000C\000a}{part.3}% 123
\BOOKMARK [1][-]{section.27.1}{\376\377\000A\000r\040\023\000A\000r}{chapter.27}% 124
\BOOKMARK [1][-]{section.27.2}{\376\377\000K\040\023\000C\000a}{chapter.27}% 125
\BOOKMARK [1][-]{section.27.3}{\376\377\000I\000s\000o\000c\000h\000r\000o\000n\000s}{chapter.27}% 126
\BOOKMARK [1][-]{section.27.4}{\376\377\000A\000g\000e\000s}{chapter.27}% 127
\BOOKMARK [1][-]{section.27.5}{\376\377\000A\000r\040\023\000A\000r\000\040\000a\000g\000e\000\040\000s\000p\000e\000c\000t\000r\000a}{chapter.27}% 128
\BOOKMARK [1][-]{section.27.6}{\376\377\000R\000a\000d\000i\000a\000l\000,\000\040\000w\000e\000i\000g\000h\000t\000e\000d\000\040\000m\000e\000a\000n\000,\000\040\000K\000D\000E\000\040\000a\000n\000d\000\040\000C\000A\000D\000\040\000p\000l\000o\000t\000s}{chapter.27}% 129
\BOOKMARK [0][-]{chapter.28}{\376\377\000R\000b\040\023\000S\000r\000,\000\040\000S\000m\040\023\000N\000d\000,\000\040\000L\000u\040\023\000H\000f\000\040\000a\000n\000d\000\040\000R\000e\040\023\000O\000s}{part.3}% 130
\BOOKMARK [1][-]{section.28.1}{\376\377\000S\000t\000a\000b\000l\000e\000\040\000i\000s\000o\000t\000o\000p\000e\000\040\000r\000a\000t\000i\000o\000s\000\040\000a\000n\000d\000\040\000d\000e\000c\000a\000y\000\040\000c\000o\000n\000s\000t\000a\000n\000t\000s}{chapter.28}% 131
\BOOKMARK [1][-]{section.28.2}{\376\377\000I\000s\000o\000c\000h\000r\000o\000n\000s}{chapter.28}% 132
\BOOKMARK [1][-]{section.28.3}{\376\377\000A\000g\000e\000s\000,\000\040\000w\000e\000i\000g\000h\000t\000e\000d\000\040\000m\000e\000a\000n\000s\000,\000\040\000r\000a\000d\000i\000a\000l\000,\000\040\000K\000D\000E\000\040\000a\000n\000d\000\040\000C\000A\000D\000\040\000p\000l\000o\000t\000s}{chapter.28}% 133
\BOOKMARK [0][-]{chapter.29}{\376\377\000U\040\023\000T\000h\040\023\000\050\000S\000m\000\051\040\023\000H\000e}{part.3}% 134
\BOOKMARK [1][-]{section.29.1}{\376\377\000H\000e\000l\000i\000o\000p\000l\000o\000t\000s}{chapter.29}% 135
\BOOKMARK [1][-]{section.29.2}{\376\377\000A\000g\000e\000s\000\040\000a\000n\000d\000\040\000o\000t\000h\000e\000r\000\040\000p\000l\000o\000t\000s}{chapter.29}% 136
\BOOKMARK [0][-]{chapter.30}{\376\377\000F\000i\000s\000s\000i\000o\000n\000\040\000t\000r\000a\000c\000k\000s}{part.3}% 137
\BOOKMARK [1][-]{section.30.1}{\376\377\000R\000a\000d\000i\000a\000l\000\040\000p\000l\000o\000t\000s}{chapter.30}% 138
\BOOKMARK [1][-]{section.30.2}{\376\377\000-\000c\000a\000l\000i\000b\000r\000a\000t\000i\000o\000n}{chapter.30}% 139
\BOOKMARK [1][-]{section.30.3}{\376\377\000A\000g\000e\000,\000\040\000w\000e\000i\000g\000h\000t\000e\000d\000\040\000m\000e\000a\000n\000,\000\040\000K\000D\000E\000\040\000a\000n\000d\000\040\000C\000A\000D\000\040\000f\000u\000n\000c\000t\000i\000o\000n\000s}{chapter.30}% 140
\BOOKMARK [0][-]{chapter.31}{\376\377\0002\0003\0000\000T\000h\040\023\000U}{part.3}% 141
\BOOKMARK [1][-]{section.31.1}{\376\377\000I\000s\000o\000c\000h\000r\000o\000n\000s}{chapter.31}% 142
\BOOKMARK [1][-]{section.31.2}{\376\377\000E\000v\000o\000l\000u\000t\000i\000o\000n\000\040\000d\000i\000a\000g\000r\000a\000m\000s}{chapter.31}% 143
\BOOKMARK [1][-]{section.31.3}{\376\377\000A\000g\000e\000s}{chapter.31}% 144
\BOOKMARK [1][-]{section.31.4}{\376\377\000R\000a\000d\000i\000a\000l\000,\000\040\000w\000e\000i\000g\000h\000t\000e\000d\000\040\000m\000e\000a\000n\000,\000\040\000K\000D\000E\000\040\000a\000n\000d\000\040\000C\000A\000D\000\040\000p\000l\000o\000t\000s}{chapter.31}% 145
\BOOKMARK [0][-]{chapter.32}{\376\377\000D\000e\000t\000r\000i\000t\000a\000l\000\040\000g\000e\000o\000c\000h\000r\000o\000n\000o\000l\000o\000g\000y}{part.3}% 146
\BOOKMARK [1][-]{section.32.1}{\376\377\000K\000e\000r\000n\000e\000l\000\040\000d\000e\000n\000s\000i\000t\000y\000\040\000e\000s\000t\000i\000m\000a\000t\000e\000s}{chapter.32}% 147
\BOOKMARK [1][-]{section.32.2}{\376\377\000C\000u\000m\000u\000l\000a\000t\000i\000v\000e\000\040\000a\000g\000e\000\040\000d\000i\000s\000t\000r\000i\000b\000u\000t\000i\000o\000n\000s}{chapter.32}% 148
\BOOKMARK [1][-]{section.32.3}{\376\377\000M\000u\000l\000t\000i\000d\000i\000m\000e\000n\000s\000i\000o\000n\000a\000l\000\040\000s\000c\000a\000l\000i\000n\000g}{chapter.32}% 149
\BOOKMARK [-1][-]{part.4}{\376\377\000I\000V\000\040\000E\000x\000t\000e\000n\000d\000i\000n\000g\000\040\000I\000s\000o\000p\000l\000o\000t\000R}{}% 150
\BOOKMARK [0][-]{chapter.33}{\376\377\000A\000p\000p\000l\000i\000c\000a\000t\000i\000o\000n\000\040\000P\000r\000o\000g\000r\000a\000m\000m\000i\000n\000g\000\040\000I\000n\000t\000e\000r\000f\000a\000c\000e}{part.4}% 151
\BOOKMARK [0][-]{chapter.34}{\376\377\000j\000s\000o\000n\000\040\000s\000c\000h\000e\000m\000a}{part.4}% 152
