\BOOKMARK [0][-]{chapter.1}{\376\377\000I\000n\000t\000r\000o\000d\000u\000c\000t\000i\000o\000n}{}% 1
\BOOKMARK [0][-]{chapter.2}{\376\377\000B\000a\000s\000i\000c\000\040\000N\000o\000t\000i\000o\000n\000s}{}% 2
\BOOKMARK [1][-]{section.2.1}{\376\377\000I\000s\000o\000t\000o\000p\000e\000s\000\040\000a\000n\000d\000\040\000r\000a\000d\000i\000o\000a\000c\000t\000i\000v\000i\000t\000y}{chapter.2}% 3
\BOOKMARK [1][-]{section.2.2}{\376\377\000R\000a\000d\000i\000o\000a\000c\000t\000i\000v\000i\000t\000y}{chapter.2}% 4
\BOOKMARK [1][-]{section.2.3}{\376\377\000T\000h\000e\000\040\000a\000g\000e\000\040\000e\000q\000u\000a\000t\000i\000o\000n}{chapter.2}% 5
\BOOKMARK [1][-]{section.2.4}{\376\377\000D\000e\000c\000a\000y\000\040\000s\000e\000r\000i\000e\000s}{chapter.2}% 6
\BOOKMARK [0][-]{chapter.3}{\376\377\000A\000n\000a\000l\000y\000t\000i\000c\000a\000l\000\040\000t\000e\000c\000h\000n\000i\000q\000u\000e\000s}{}% 7
\BOOKMARK [1][-]{section.3.1}{\376\377\000M\000a\000s\000s\000\040\000s\000p\000e\000c\000t\000r\000o\000m\000e\000t\000r\000y}{chapter.3}% 8
\BOOKMARK [1][-]{section.3.2}{\376\377\000I\000s\000o\000t\000o\000p\000e\000\040\000d\000i\000l\000u\000t\000i\000o\000n}{chapter.3}% 9
\BOOKMARK [1][-]{section.3.3}{\376\377\000S\000a\000m\000p\000l\000e\000-\000s\000t\000a\000n\000d\000a\000r\000d\000\040\000b\000r\000a\000c\000k\000e\000t\000i\000n\000g}{chapter.3}% 10
\BOOKMARK [0][-]{chapter.4}{\376\377\000S\000i\000m\000p\000l\000e\000\040\000p\000a\000r\000e\000n\000t\000-\000d\000a\000u\000g\000h\000t\000e\000r\000\040\000p\000a\000i\000r\000s}{}% 11
\BOOKMARK [1][-]{section.4.1}{\376\377\0001\0004\000C\000\040\000d\000a\000t\000i\000n\000g}{chapter.4}% 12
\BOOKMARK [1][-]{section.4.2}{\376\377\000T\000h\000e\000\040\000R\000b\000-\000S\000r\000\040\000m\000e\000t\000h\000o\000d}{chapter.4}% 13
\BOOKMARK [1][-]{section.4.3}{\376\377\000I\000s\000o\000c\000h\000r\000o\000n\000s}{chapter.4}% 14
\BOOKMARK [1][-]{section.4.4}{\376\377\000T\000h\000e\000\040\000S\000m\000-\000N\000d\000\040\000m\000e\000t\000h\000o\000d}{chapter.4}% 15
\BOOKMARK [0][-]{chapter.5}{\376\377\000T\000h\000e\000\040\000U\000-\000P\000b\000\040\000s\000y\000s\000t\000e\000m}{}% 16
\BOOKMARK [1][-]{section.5.1}{\376\377\000T\000h\000e\000\040\000U\000-\000\050\000T\000h\000-\000\051\000P\000b\000\040\000m\000e\000t\000h\000o\000d}{chapter.5}% 17
\BOOKMARK [1][-]{section.5.2}{\376\377\000T\000h\000e\000\040\000P\000b\000-\000P\000b\000\040\000m\000e\000t\000h\000o\000d}{chapter.5}% 18
\BOOKMARK [1][-]{section.5.3}{\376\377\000C\000o\000n\000c\000o\000r\000d\000i\000a}{chapter.5}% 19
\BOOKMARK [1][-]{section.5.4}{\376\377\000D\000e\000t\000r\000i\000t\000a\000l\000\040\000g\000e\000o\000c\000h\000r\000o\000n\000o\000l\000o\000g\000y}{chapter.5}% 20
\BOOKMARK [0][-]{chapter.6}{\376\377\000T\000h\000e\000\040\000K\040\023\000A\000r\000\040\000s\000y\000s\000t\000e\000m}{}% 21
\BOOKMARK [1][-]{section.6.1}{\376\377\000K\000-\000A\000r\000\040\000d\000a\000t\000i\000n\000g}{chapter.6}% 22
\BOOKMARK [1][-]{section.6.2}{\376\377\0004\0000\000A\000r\000/\0003\0009\000A\000r\000\040\000d\000a\000t\000i\000n\000g}{chapter.6}% 23
\BOOKMARK [1][-]{section.6.3}{\376\377\000A\000p\000p\000l\000i\000c\000a\000t\000i\000o\000n\000s}{chapter.6}% 24
\BOOKMARK [0][-]{chapter.7}{\376\377\000T\000h\000e\000r\000m\000o\000c\000h\000r\000o\000n\000o\000l\000o\000g\000y}{}% 25
\BOOKMARK [1][-]{section.7.1}{\376\377\000T\000h\000e\000\040\000U\000-\000T\000h\000-\000H\000e\000\040\000m\000e\000t\000h\000o\000d}{chapter.7}% 26
\BOOKMARK [1][-]{section.7.2}{\376\377\000F\000i\000s\000s\000i\000o\000n\000\040\000t\000r\000a\000c\000k\000s}{chapter.7}% 27
\BOOKMARK [0][-]{chapter.8}{\376\377\000C\000o\000s\000m\000o\000g\000e\000n\000i\000c\000\040\000N\000u\000c\000l\000i\000d\000e\000s}{}% 28
\BOOKMARK [1][-]{section.8.1}{\376\377\000S\000t\000a\000b\000l\000e\000\040\000n\000u\000c\000l\000i\000d\000e\000s}{chapter.8}% 29
\BOOKMARK [1][-]{section.8.2}{\376\377\000R\000a\000d\000i\000o\000n\000u\000c\000l\000i\000d\000e\000s}{chapter.8}% 30
\BOOKMARK [1][-]{section.8.3}{\376\377\000T\000h\000e\000\040\000`\000B\000a\000n\000a\000n\000a\000\040\000P\000l\000o\000t\000'}{chapter.8}% 31
\BOOKMARK [1][-]{section.8.4}{\376\377\000S\000c\000a\000l\000i\000n\000g\000\040\000m\000o\000d\000e\000l\000s}{chapter.8}% 32
\BOOKMARK [0][-]{chapter.9}{\376\377\000U\000-\000s\000e\000r\000i\000e\000s\000\040\000d\000a\000t\000i\000n\000g}{}% 33
\BOOKMARK [1][-]{section.9.1}{\376\377\000T\000h\000e\000\040\0002\0003\0004\000U\000-\0002\0003\0008\000U\000\040\000m\000e\000t\000h\000o\000d}{chapter.9}% 34
\BOOKMARK [1][-]{section.9.2}{\376\377\000T\000h\000e\000\040\0002\0003\0000\000T\000h\000\040\000m\000e\000t\000h\000o\000d}{chapter.9}% 35
\BOOKMARK [1][-]{section.9.3}{\376\377\000T\000h\000e\000\040\0002\0003\0000\000T\000h\000-\000U\000\040\000m\000e\000t\000h\000o\000d}{chapter.9}% 36
\BOOKMARK [0][-]{chapter.10}{\376\377\000E\000r\000r\000o\000r\000\040\000p\000r\000o\000p\000a\000g\000a\000t\000i\000o\000n}{}% 37
\BOOKMARK [1][-]{section.10.1}{\376\377\000S\000o\000m\000e\000\040\000b\000a\000s\000i\000c\000\040\000d\000e\000f\000i\000n\000i\000t\000i\000o\000n\000s}{chapter.10}% 38
\BOOKMARK [1][-]{section.10.2}{\376\377\000E\000x\000a\000m\000p\000l\000e\000s}{chapter.10}% 39
\BOOKMARK [1][-]{section.10.3}{\376\377\000A\000c\000c\000u\000r\000a\000c\000y\000\040\000v\000s\000.\000\040\000p\000r\000e\000c\000i\000s\000i\000o\000n}{chapter.10}% 40
\BOOKMARK [0][-]{chapter.11}{\376\377\000E\000x\000e\000r\000c\000i\000s\000e\000s}{}% 41
\BOOKMARK [0][-]{chapter.12}{\376\377\000P\000r\000o\000g\000r\000a\000m\000m\000i\000n\000g\000\040\000p\000r\000a\000c\000t\000i\000c\000a\000l\000s}{}% 42
\BOOKMARK [1][-]{section.12.1}{\376\377\000I\000n\000t\000r\000o\000d\000u\000c\000t\000i\000o\000n\000\040\000t\000o\000\040\000R}{chapter.12}% 43
\BOOKMARK [1][-]{section.12.2}{\376\377\000I\000n\000t\000r\000o\000d\000u\000c\000t\000i\000o\000n\000\040\000t\000o\000\040\000M\000a\000t\000l\000a\000b}{chapter.12}% 44
\BOOKMARK [1][-]{section.12.3}{\376\377\000U\000-\000T\000h\000-\000P\000b\000\040\000d\000a\000t\000a\000\040\000r\000e\000d\000u\000c\000t\000i\000o\000n}{chapter.12}% 45
\BOOKMARK [1][-]{section.12.4}{\376\377\0004\0000\000A\000r\000/\0003\0009\000A\000r\000\040\000d\000a\000t\000a\000\040\000r\000e\000d\000u\000c\000t\000i\000o\000n}{chapter.12}% 46
\BOOKMARK [1][-]{section.12.5}{\376\377\000E\000r\000r\000o\000r\000\040\000p\000r\000o\000p\000a\000g\000a\000t\000i\000o\000n}{chapter.12}% 47
\BOOKMARK [1][-]{section.12.6}{\376\377\000F\000i\000s\000s\000i\000o\000n\000\040\000t\000r\000a\000c\000k\000s}{chapter.12}% 48
