This is pdfTeX, Version 3.14159265-2.6-1.40.20 (TeX Live 2019/Debian) (preloaded format=pdflatex 2021.3.8)  12 MAR 2021 15:54
entering extended mode
 restricted \write18 enabled.
 %&-line parsing enabled.
**\nonstopmode\input trainingcourse.tex
(./trainingcourse.tex (/usr/share/texlive/texmf-dist/tex/latex/base/report.cls
Document Class: report 2019/12/20 v1.4l Standard LaTeX document class
(/usr/share/texlive/texmf-dist/tex/latex/base/size10.clo
File: size10.clo 2019/12/20 v1.4l Standard LaTeX file (size option)
)
\c@part=\count167
\c@chapter=\count168
\c@section=\count169
\c@subsection=\count170
\c@subsubsection=\count171
\c@paragraph=\count172
\c@subparagraph=\count173
\c@figure=\count174
\c@table=\count175
\abovecaptionskip=\skip47
\belowcaptionskip=\skip48
\bibindent=\dimen134
)
(/usr/share/texlive/texmf-dist/tex/latex/geometry/geometry.sty
Package: geometry 2020/01/02 v5.9 Page Geometry

(/usr/share/texlive/texmf-dist/tex/latex/graphics/keyval.sty
Package: keyval 2014/10/28 v1.15 key=value parser (DPC)
\KV@toks@=\toks14
)
(/usr/share/texlive/texmf-dist/tex/generic/iftex/ifvtex.sty
Package: ifvtex 2019/10/25 v1.7 ifvtex legacy package. Use iftex instead.

(/usr/share/texlive/texmf-dist/tex/generic/iftex/iftex.sty
Package: iftex 2019/11/07 v1.0c TeX engine tests
))
\Gm@cnth=\count176
\Gm@cntv=\count177
\c@Gm@tempcnt=\count178
\Gm@bindingoffset=\dimen135
\Gm@wd@mp=\dimen136
\Gm@odd@mp=\dimen137
\Gm@even@mp=\dimen138
\Gm@layoutwidth=\dimen139
\Gm@layoutheight=\dimen140
\Gm@layouthoffset=\dimen141
\Gm@layoutvoffset=\dimen142
\Gm@dimlist=\toks15
)
(/usr/share/texlive/texmf-dist/tex/latex/hyperref/hyperref.sty
Package: hyperref 2020/01/14 v7.00d Hypertext links for LaTeX

(/usr/share/texlive/texmf-dist/tex/generic/ltxcmds/ltxcmds.sty
Package: ltxcmds 2019/12/15 v1.24 LaTeX kernel commands for general use (HO)
)
(/usr/share/texlive/texmf-dist/tex/latex/pdftexcmds/pdftexcmds.sty
Package: pdftexcmds 2019/11/24 v0.31 Utility functions of pdfTeX for LuaTeX (HO
)

(/usr/share/texlive/texmf-dist/tex/generic/infwarerr/infwarerr.sty
Package: infwarerr 2019/12/03 v1.5 Providing info/warning/error messages (HO)
)
Package pdftexcmds Info: \pdf@primitive is available.
Package pdftexcmds Info: \pdf@ifprimitive is available.
Package pdftexcmds Info: \pdfdraftmode found.
)
(/usr/share/texlive/texmf-dist/tex/generic/kvsetkeys/kvsetkeys.sty
Package: kvsetkeys 2019/12/15 v1.18 Key value parser (HO)
)
(/usr/share/texlive/texmf-dist/tex/generic/kvdefinekeys/kvdefinekeys.sty
Package: kvdefinekeys 2019-12-19 v1.6 Define keys (HO)
)
(/usr/share/texlive/texmf-dist/tex/generic/pdfescape/pdfescape.sty
Package: pdfescape 2019/12/09 v1.15 Implements pdfTeX's escape features (HO)
)
(/usr/share/texlive/texmf-dist/tex/latex/hycolor/hycolor.sty
Package: hycolor 2020-01-27 v1.10 Color options for hyperref/bookmark (HO)
)
(/usr/share/texlive/texmf-dist/tex/latex/letltxmacro/letltxmacro.sty
Package: letltxmacro 2019/12/03 v1.6 Let assignment for LaTeX macros (HO)
)
(/usr/share/texlive/texmf-dist/tex/latex/auxhook/auxhook.sty
Package: auxhook 2019-12-17 v1.6 Hooks for auxiliary files (HO)
)
(/usr/share/texlive/texmf-dist/tex/latex/kvoptions/kvoptions.sty
Package: kvoptions 2019/11/29 v3.13 Key value format for package options (HO)
)
\@linkdim=\dimen143
\Hy@linkcounter=\count179
\Hy@pagecounter=\count180

(/usr/share/texlive/texmf-dist/tex/latex/hyperref/pd1enc.def
File: pd1enc.def 2020/01/14 v7.00d Hyperref: PDFDocEncoding definition (HO)
Now handling font encoding PD1 ...
... no UTF-8 mapping file for font encoding PD1
)
(/usr/share/texlive/texmf-dist/tex/generic/intcalc/intcalc.sty
Package: intcalc 2019/12/15 v1.3 Expandable calculations with integers (HO)
)
(/usr/share/texlive/texmf-dist/tex/generic/etexcmds/etexcmds.sty
Package: etexcmds 2019/12/15 v1.7 Avoid name clashes with e-TeX commands (HO)
)
\Hy@SavedSpaceFactor=\count181
\pdfmajorversion=\count182
Package hyperref Info: Option `linktocpage' set `true' on input line 4421.
Package hyperref Info: Hyper figures OFF on input line 4547.
Package hyperref Info: Link nesting OFF on input line 4552.
Package hyperref Info: Hyper index ON on input line 4555.
Package hyperref Info: Plain pages OFF on input line 4562.
Package hyperref Info: Backreferencing OFF on input line 4567.
Package hyperref Info: Implicit mode ON; LaTeX internals redefined.
Package hyperref Info: Bookmarks ON on input line 4800.
\c@Hy@tempcnt=\count183

(/usr/share/texlive/texmf-dist/tex/latex/url/url.sty
\Urlmuskip=\muskip16
Package: url 2013/09/16  ver 3.4  Verb mode for urls, etc.
)
LaTeX Info: Redefining \url on input line 5159.
\XeTeXLinkMargin=\dimen144

(/usr/share/texlive/texmf-dist/tex/generic/bitset/bitset.sty
Package: bitset 2019/12/09 v1.3 Handle bit-vector datatype (HO)

(/usr/share/texlive/texmf-dist/tex/generic/bigintcalc/bigintcalc.sty
Package: bigintcalc 2019/12/15 v1.5 Expandable calculations on big integers (HO
)
))
\Fld@menulength=\count184
\Field@Width=\dimen145
\Fld@charsize=\dimen146
Package hyperref Info: Hyper figures OFF on input line 6430.
Package hyperref Info: Link nesting OFF on input line 6435.
Package hyperref Info: Hyper index ON on input line 6438.
Package hyperref Info: backreferencing OFF on input line 6445.
Package hyperref Info: Link coloring OFF on input line 6450.
Package hyperref Info: Link coloring with OCG OFF on input line 6455.
Package hyperref Info: PDF/A mode OFF on input line 6460.
LaTeX Info: Redefining \ref on input line 6500.
LaTeX Info: Redefining \pageref on input line 6504.

(/usr/share/texlive/texmf-dist/tex/generic/atbegshi/atbegshi.sty
Package: atbegshi 2019/12/05 v1.19 At begin shipout hook (HO)
)
\Hy@abspage=\count185
\c@Item=\count186
\c@Hfootnote=\count187
)
Package hyperref Info: Driver (autodetected): hpdftex.

(/usr/share/texlive/texmf-dist/tex/latex/hyperref/hpdftex.def
File: hpdftex.def 2020/01/14 v7.00d Hyperref driver for pdfTeX

(/usr/share/texlive/texmf-dist/tex/latex/atveryend/atveryend.sty
Package: atveryend 2019-12-11 v1.11 Hooks at the very end of document (HO)
Package atveryend Info: \enddocument detected (standard20110627).
)
\Fld@listcount=\count188
\c@bookmark@seq@number=\count189

(/usr/share/texlive/texmf-dist/tex/latex/rerunfilecheck/rerunfilecheck.sty
Package: rerunfilecheck 2019/12/05 v1.9 Rerun checks for auxiliary files (HO)

(/usr/share/texlive/texmf-dist/tex/generic/uniquecounter/uniquecounter.sty
Package: uniquecounter 2019/12/15 v1.4 Provide unlimited unique counter (HO)
)
Package uniquecounter Info: New unique counter `rerunfilecheck' on input line 2
86.
)
\Hy@SectionHShift=\skip49
)
(/usr/share/texlive/texmf-dist/tex/latex/amsmath/amsmath.sty
Package: amsmath 2020/01/20 v2.17e AMS math features
\@mathmargin=\skip50

For additional information on amsmath, use the `?' option.
(/usr/share/texlive/texmf-dist/tex/latex/amsmath/amstext.sty
Package: amstext 2000/06/29 v2.01 AMS text

(/usr/share/texlive/texmf-dist/tex/latex/amsmath/amsgen.sty
File: amsgen.sty 1999/11/30 v2.0 generic functions
\@emptytoks=\toks16
\ex@=\dimen147
))
(/usr/share/texlive/texmf-dist/tex/latex/amsmath/amsbsy.sty
Package: amsbsy 1999/11/29 v1.2d Bold Symbols
\pmbraise@=\dimen148
)
(/usr/share/texlive/texmf-dist/tex/latex/amsmath/amsopn.sty
Package: amsopn 2016/03/08 v2.02 operator names
)
\inf@bad=\count190
LaTeX Info: Redefining \frac on input line 227.
\uproot@=\count191
\leftroot@=\count192
LaTeX Info: Redefining \overline on input line 389.
\classnum@=\count193
\DOTSCASE@=\count194
LaTeX Info: Redefining \ldots on input line 486.
LaTeX Info: Redefining \dots on input line 489.
LaTeX Info: Redefining \cdots on input line 610.
\Mathstrutbox@=\box45
\strutbox@=\box46
\big@size=\dimen149
LaTeX Font Info:    Redeclaring font encoding OML on input line 733.
LaTeX Font Info:    Redeclaring font encoding OMS on input line 734.
\macc@depth=\count195
\c@MaxMatrixCols=\count196
\dotsspace@=\muskip17
\c@parentequation=\count197
\dspbrk@lvl=\count198
\tag@help=\toks17
\row@=\count199
\column@=\count266
\maxfields@=\count267
\andhelp@=\toks18
\eqnshift@=\dimen150
\alignsep@=\dimen151
\tagshift@=\dimen152
\tagwidth@=\dimen153
\totwidth@=\dimen154
\lineht@=\dimen155
\@envbody=\toks19
\multlinegap=\skip51
\multlinetaggap=\skip52
\mathdisplay@stack=\toks20
LaTeX Info: Redefining \[ on input line 2859.
LaTeX Info: Redefining \] on input line 2860.
)
(/usr/share/texlive/texmf-dist/tex/latex/graphics/graphicx.sty
Package: graphicx 2019/11/30 v1.2a Enhanced LaTeX Graphics (DPC,SPQR)

(/usr/share/texlive/texmf-dist/tex/latex/graphics/graphics.sty
Package: graphics 2019/11/30 v1.4a Standard LaTeX Graphics (DPC,SPQR)

(/usr/share/texlive/texmf-dist/tex/latex/graphics/trig.sty
Package: trig 2016/01/03 v1.10 sin cos tan (DPC)
)
(/usr/share/texlive/texmf-dist/tex/latex/graphics-cfg/graphics.cfg
File: graphics.cfg 2016/06/04 v1.11 sample graphics configuration
)
Package graphics Info: Driver file: pdftex.def on input line 105.

(/usr/share/texlive/texmf-dist/tex/latex/graphics-def/pdftex.def
File: pdftex.def 2018/01/08 v1.0l Graphics/color driver for pdftex
))
\Gin@req@height=\dimen156
\Gin@req@width=\dimen157
)
(/usr/share/texlive/texmf-dist/tex/latex/wasysym/wasysym.sty
Package: wasysym 2020/01/19 v2.4 Wasy-2 symbol support package
\symwasy=\mathgroup4
LaTeX Font Info:    Overwriting symbol font `wasy' in version `bold'
(Font)                  U/wasy/m/n --> U/wasy/b/n on input line 93.
)
(/usr/share/texlive/texmf-dist/tex/latex/graphics/color.sty
Package: color 2019/11/23 v1.2a Standard LaTeX Color (DPC)

(/usr/share/texlive/texmf-dist/tex/latex/graphics-cfg/color.cfg
File: color.cfg 2016/01/02 v1.6 sample color configuration
)
Package color Info: Driver file: pdftex.def on input line 147.
)
(/usr/share/texlive/texmf-dist/tex/latex/upquote/upquote.sty
Package: upquote 2012/04/19 v1.3 upright-quote and grave-accent glyphs in verba
tim
)
(/usr/share/texlive/texmf-dist/tex/latex/caption/caption.sty
Package: caption 2020/01/03 v3.4h Customizing captions (AR)

(/usr/share/texlive/texmf-dist/tex/latex/caption/caption3.sty
Package: caption3 2020/01/03 v1.8h caption3 kernel (AR)
Package caption3 Info: TeX engine: e-TeX on input line 61.
\captionmargin=\dimen158
\captionmargin@=\dimen159
\captionwidth=\dimen160
\caption@tempdima=\dimen161
\caption@indent=\dimen162
\caption@parindent=\dimen163
\caption@hangindent=\dimen164
Package caption Info: Standard document class detected.
)
\c@caption@flags=\count268
\c@continuedfloat=\count269
Package caption Info: hyperref package is loaded.
)
(/usr/share/texlive/texmf-dist/tex/latex/enumitem/enumitem.sty
Package: enumitem 2019/06/20 v3.9 Customized lists
\labelindent=\skip53
\enit@outerparindent=\dimen165
\enit@toks=\toks21
\enit@inbox=\box47
\enit@count@id=\count270
\enitdp@description=\count271
)
(/usr/share/texlive/texmf-dist/tex/latex/biblatex/biblatex.sty
Package: biblatex 2019/12/01 v3.14 programmable bibliographies (PK/MW)

(/usr/share/texlive/texmf-dist/tex/latex/etoolbox/etoolbox.sty
Package: etoolbox 2019/09/21 v2.5h e-TeX tools for LaTeX (JAW)
\etb@tempcnta=\count272
)
(/usr/share/texlive/texmf-dist/tex/latex/logreq/logreq.sty
Package: logreq 2010/08/04 v1.0 xml request logger
\lrq@indent=\count273

(/usr/share/texlive/texmf-dist/tex/latex/logreq/logreq.def
File: logreq.def 2010/08/04 v1.0 logreq spec v1.0
))
(/usr/share/texlive/texmf-dist/tex/latex/base/ifthen.sty
Package: ifthen 2014/09/29 v1.1c Standard LaTeX ifthen package (DPC)
)
\c@tabx@nest=\count274
\c@listtotal=\count275
\c@listcount=\count276
\c@liststart=\count277
\c@liststop=\count278
\c@citecount=\count279
\c@citetotal=\count280
\c@multicitecount=\count281
\c@multicitetotal=\count282
\c@instcount=\count283
\c@maxnames=\count284
\c@minnames=\count285
\c@maxitems=\count286
\c@minitems=\count287
\c@citecounter=\count288
\c@maxcitecounter=\count289
\c@savedcitecounter=\count290
\c@uniquelist=\count291
\c@uniquename=\count292
\c@refsection=\count293
\c@refsegment=\count294
\c@maxextratitle=\count295
\c@maxextratitleyear=\count296
\c@maxextraname=\count297
\c@maxextradate=\count298
\c@maxextraalpha=\count299
\c@abbrvpenalty=\count300
\c@highnamepenalty=\count301
\c@lownamepenalty=\count302
\c@maxparens=\count303
\c@parenlevel=\count304
\blx@tempcnta=\count305
\blx@tempcntb=\count306
\blx@tempcntc=\count307
\blx@maxsection=\count308
\blx@maxsegment@0=\count309
\blx@notetype=\count310
\blx@parenlevel@text=\count311
\blx@parenlevel@foot=\count312
\blx@sectionciteorder@0=\count313
\blx@entrysetcounter=\count314
\labelnumberwidth=\skip54
\labelalphawidth=\skip55
\biblabelsep=\skip56
\bibitemsep=\skip57
\bibnamesep=\skip58
\bibinitsep=\skip59
\bibparsep=\skip60
\bibhang=\skip61
\blx@bcfin=\read2
\blx@bcfout=\write3
\blx@langwohyphens=\language85
\c@mincomprange=\count315
\c@maxcomprange=\count316
\c@mincompwidth=\count317
Package biblatex Info: Trying to load biblatex default data model...
Package biblatex Info: ... file 'blx-dm.def' found.

(/usr/share/texlive/texmf-dist/tex/latex/biblatex/blx-dm.def
File: blx-dm.def 2019/12/01 v3.14 biblatex localization (PK/MW)
)
Package biblatex Info: Trying to load biblatex style data model...
Package biblatex Info: ... file 'authoryear.dbx' not found.
Package biblatex Info: Trying to load biblatex custom data model...
Package biblatex Info: ... file 'biblatex-dm.cfg' not found.
\c@afterword=\count318
\c@savedafterword=\count319
\c@annotator=\count320
\c@savedannotator=\count321
\c@author=\count322
\c@savedauthor=\count323
\c@bookauthor=\count324
\c@savedbookauthor=\count325
\c@commentator=\count326
\c@savedcommentator=\count327
\c@editor=\count328
\c@savededitor=\count329
\c@editora=\count330
\c@savededitora=\count331
\c@editorb=\count332
\c@savededitorb=\count333
\c@editorc=\count334
\c@savededitorc=\count335
\c@foreword=\count336
\c@savedforeword=\count337
\c@holder=\count338
\c@savedholder=\count339
\c@introduction=\count340
\c@savedintroduction=\count341
\c@namea=\count342
\c@savednamea=\count343
\c@nameb=\count344
\c@savednameb=\count345
\c@namec=\count346
\c@savednamec=\count347
\c@translator=\count348
\c@savedtranslator=\count349
\c@shortauthor=\count350
\c@savedshortauthor=\count351
\c@shorteditor=\count352
\c@savedshorteditor=\count353
\c@labelname=\count354
\c@savedlabelname=\count355
\c@institution=\count356
\c@savedinstitution=\count357
\c@lista=\count358
\c@savedlista=\count359
\c@listb=\count360
\c@savedlistb=\count361
\c@listc=\count362
\c@savedlistc=\count363
\c@listd=\count364
\c@savedlistd=\count365
\c@liste=\count366
\c@savedliste=\count367
\c@listf=\count368
\c@savedlistf=\count369
\c@location=\count370
\c@savedlocation=\count371
\c@organization=\count372
\c@savedorganization=\count373
\c@origlocation=\count374
\c@savedoriglocation=\count375
\c@origpublisher=\count376
\c@savedorigpublisher=\count377
\c@publisher=\count378
\c@savedpublisher=\count379
\c@language=\count380
\c@savedlanguage=\count381
\c@origlanguage=\count382
\c@savedoriglanguage=\count383
\c@pageref=\count384
\c@savedpageref=\count385
\shorthandwidth=\skip62
\shortjournalwidth=\skip63
\shortserieswidth=\skip64
\shorttitlewidth=\skip65
\shortauthorwidth=\skip66
\shorteditorwidth=\skip67
\locallabelnumberwidth=\skip68
\locallabelalphawidth=\skip69
\localshorthandwidth=\skip70
\localshortjournalwidth=\skip71
\localshortserieswidth=\skip72
\localshorttitlewidth=\skip73
\localshortauthorwidth=\skip74
\localshorteditorwidth=\skip75
Package biblatex Info: Trying to load compatibility code...
Package biblatex Info: ... file 'blx-compat.def' found.

(/usr/share/texlive/texmf-dist/tex/latex/biblatex/blx-compat.def
File: blx-compat.def 2019/12/01 v3.14 biblatex compatibility (PK/MW)
)
Package biblatex Info: Trying to load BibTeX backend compatibility...
Package biblatex Info: ... file 'blx-bibtex.def' found.

(/usr/share/texlive/texmf-dist/tex/latex/biblatex/blx-bibtex.def
File: blx-bibtex.def 2019/12/01 v3.14 biblatex compatibility (PK/MW)


Package biblatex Warning: Using fall-back BibTeX(8) backend:
(biblatex)                functionality may be reduced/unavailable.

)
Package biblatex Info: Trying to load generic definitions...
Package biblatex Info: ... file 'biblatex.def' found.
 (/usr/share/texlive/texmf-dist/tex/latex/biblatex/biblatex.def
File: biblatex.def 2019/12/01 v3.14 biblatex compatibility (PK/MW)
\c@textcitecount=\count386
\c@textcitetotal=\count387
\c@textcitemaxnames=\count388
\c@biburlbigbreakpenalty=\count389
\c@biburlbreakpenalty=\count390
\c@biburlnumpenalty=\count391
\c@biburlucpenalty=\count392
\c@biburllcpenalty=\count393
\biburlbigskip=\muskip18
\biburlnumskip=\muskip19
\biburlucskip=\muskip20
\biburllcskip=\muskip21
\c@smartand=\count394
)
Package biblatex Info: Trying to load natbib compatibility...
Package biblatex Info: ... file 'blx-natbib.def' found.

(/usr/share/texlive/texmf-dist/tex/latex/biblatex/blx-natbib.def
File: blx-natbib.def 2019/12/01 v3.14 biblatex compatibility (PK/MW)
Package biblatex Info: Delimiter 'nameyeardelim' in context '' already defined,
 overwriting.
)
Package biblatex Info: Trying to load bibliography style 'authoryear'...
Package biblatex Info: ... file 'authoryear.bbx' found.

(/usr/share/texlive/texmf-dist/tex/latex/biblatex/bbx/authoryear.bbx
File: authoryear.bbx 2019/12/01 v3.14 biblatex bibliography style (PK/MW)
Package biblatex Info: Trying to load bibliography style 'standard'...
Package biblatex Info: ... file 'standard.bbx' found.

(/usr/share/texlive/texmf-dist/tex/latex/biblatex/bbx/standard.bbx
File: standard.bbx 2019/12/01 v3.14 biblatex bibliography style (PK/MW)
\c@bbx:relatedcount=\count395
\c@bbx:relatedtotal=\count396
))
Package biblatex Info: Trying to load citation style 'authoryear'...
Package biblatex Info: ... file 'authoryear.cbx' found.

(/usr/share/texlive/texmf-dist/tex/latex/biblatex/cbx/authoryear.cbx
File: authoryear.cbx 2019/12/01 v3.14 biblatex citation style (PK/MW)
Package biblatex Info: Redefining '\cite'.
Package biblatex Info: Redefining '\parencite'.
Package biblatex Info: Redefining '\footcite'.
Package biblatex Info: Redefining '\footcitetext'.
Package biblatex Info: Redefining '\smartcite'.
Package biblatex Info: Redefining '\textcite'.
Package biblatex Info: Redefining '\textcites'.
)
Package biblatex Info: Trying to load configuration file...
Package biblatex Info: ... file 'biblatex.cfg' found.

(/usr/share/texlive/texmf-dist/tex/latex/biblatex/biblatex.cfg
File: biblatex.cfg 
))
\@quotelevel=\count397
\@quotereset=\count398

(/usr/share/texlive/texmf-dist/tex/latex/l3backend/l3backend-pdfmode.def
File: l3backend-pdfmode.def 2020-02-03 L3 backend support: PDF mode
\l__kernel_color_stack_int=\count399
\l__pdf_internal_box=\box48
)
(./trainingcourse.aux

LaTeX Warning: Label `eq:tci' multiply defined.

)
\openout1 = `trainingcourse.aux'.

LaTeX Font Info:    Checking defaults for OML/cmm/m/it on input line 22.
LaTeX Font Info:    ... okay on input line 22.
LaTeX Font Info:    Checking defaults for OMS/cmsy/m/n on input line 22.
LaTeX Font Info:    ... okay on input line 22.
LaTeX Font Info:    Checking defaults for OT1/cmr/m/n on input line 22.
LaTeX Font Info:    ... okay on input line 22.
LaTeX Font Info:    Checking defaults for T1/cmr/m/n on input line 22.
LaTeX Font Info:    ... okay on input line 22.
LaTeX Font Info:    Checking defaults for TS1/cmr/m/n on input line 22.
LaTeX Font Info:    ... okay on input line 22.
LaTeX Font Info:    Checking defaults for OMX/cmex/m/n on input line 22.
LaTeX Font Info:    ... okay on input line 22.
LaTeX Font Info:    Checking defaults for U/cmr/m/n on input line 22.
LaTeX Font Info:    ... okay on input line 22.
LaTeX Font Info:    Checking defaults for PD1/pdf/m/n on input line 22.
LaTeX Font Info:    ... okay on input line 22.

*geometry* driver: auto-detecting
*geometry* detected driver: pdftex
*geometry* verbose mode - [ preamble ] result:
* driver: pdftex
* paper: a4paper
* layout: <same size as paper>
* layoutoffset:(h,v)=(0.0pt,0.0pt)
* modes: twoside 
* h-part:(L,W,R)=(85.35826pt, 455.24411pt, 56.9055pt)
* v-part:(T,H,B)=(85.35826pt, 674.33032pt, 85.35826pt)
* \paperwidth=597.50787pt
* \paperheight=845.04684pt
* \textwidth=455.24411pt
* \textheight=674.33032pt
* \oddsidemargin=13.08827pt
* \evensidemargin=-15.36449pt
* \topmargin=-23.91173pt
* \headheight=12.0pt
* \headsep=25.0pt
* \topskip=10.0pt
* \footskip=30.0pt
* \marginparwidth=65.0pt
* \marginparsep=11.0pt
* \columnsep=10.0pt
* \skip\footins=9.0pt plus 4.0pt minus 2.0pt
* \hoffset=0.0pt
* \voffset=0.0pt
* \mag=1000
* \@twocolumnfalse
* \@twosidetrue
* \@mparswitchtrue
* \@reversemarginfalse
* (1in=72.27pt=25.4mm, 1cm=28.453pt)

\AtBeginShipoutBox=\box49
Package hyperref Info: Link coloring OFF on input line 22.
(/usr/share/texlive/texmf-dist/tex/latex/hyperref/nameref.sty
Package: nameref 2019/09/16 v2.46 Cross-referencing by name of section

(/usr/share/texlive/texmf-dist/tex/latex/refcount/refcount.sty
Package: refcount 2019/12/15 v3.6 Data extraction from label references (HO)
)
(/usr/share/texlive/texmf-dist/tex/generic/gettitlestring/gettitlestring.sty
Package: gettitlestring 2019/12/15 v1.6 Cleanup title references (HO)
)
\c@section@level=\count400
)
LaTeX Info: Redefining \ref on input line 22.
LaTeX Info: Redefining \pageref on input line 22.
LaTeX Info: Redefining \nameref on input line 22.

(./trainingcourse.out) (./trainingcourse.out)
\@outlinefile=\write4
\openout4 = `trainingcourse.out'.


(/usr/share/texlive/texmf-dist/tex/context/base/mkii/supp-pdf.mkii
[Loading MPS to PDF converter (version 2006.09.02).]
\scratchcounter=\count401
\scratchdimen=\dimen166
\scratchbox=\box50
\nofMPsegments=\count402
\nofMParguments=\count403
\everyMPshowfont=\toks22
\MPscratchCnt=\count404
\MPscratchDim=\dimen167
\MPnumerator=\count405
\makeMPintoPDFobject=\count406
\everyMPtoPDFconversion=\toks23
) (/usr/share/texlive/texmf-dist/tex/latex/epstopdf-pkg/epstopdf-base.sty
Package: epstopdf-base 2020-01-24 v2.11 Base part for package epstopdf
Package epstopdf-base Info: Redefining graphics rule for `.eps' on input line 4
85.

(/usr/share/texlive/texmf-dist/tex/latex/latexconfig/epstopdf-sys.cfg
File: epstopdf-sys.cfg 2010/07/13 v1.3 Configuration of (r)epstopdf for TeX Liv
e
))
Package caption Info: Begin \AtBeginDocument code.
Package caption Info: End \AtBeginDocument code.
Package biblatex Info: Trying to load language 'english'...
Package biblatex Info: ... file 'english.lbx' found.

(/usr/share/texlive/texmf-dist/tex/latex/biblatex/lbx/english.lbx
File: english.lbx 2019/12/01 v3.14 biblatex localization (PK/MW)
)
Package biblatex Info: Input encoding 'utf8' detected.
Package biblatex Info: Automatic encoding selection.
(biblatex)             Assuming data encoding 'utf8'.
Package biblatex Info: Input encoding 'utf8' specified.
Package biblatex Info: Data encoding 'utf8' specified.
(biblatex)             No need to reencode data.
\openout3 = `trainingcourse-blx.bib'.

Package biblatex Info: Trying to load bibliographic data...
Package biblatex Info: ... file 'trainingcourse.bbl' found.

(./trainingcourse.bbl)
Package biblatex Info: ... file 'trainingcourse1-blx.bbl' found.
 (./trainingcourse1-blx.bbl)
Package biblatex Info: ... file 'trainingcourse2-blx.bbl' found.
 (./trainingcourse2-blx.bbl)
Package biblatex Info: ... file 'trainingcourse3-blx.bbl' found.

(./trainingcourse3-blx.bbl)
Package biblatex Info: ... file 'trainingcourse4-blx.bbl' found.
 (./trainingcourse4-blx.bbl)
Package biblatex Info: Reference section=0 on input line 22.
Package biblatex Info: Reference segment=0 on input line 22.
 [1

{/var/lib/texmf/fonts/map/pdftex/updmap/pdftex.map}] (./trainingcourse.toc
LaTeX Font Info:    Trying to load font information for U+wasy on input line 9.


(/usr/share/texlive/texmf-dist/tex/latex/wasysym/uwasy.fd
File: uwasy.fd 2020/01/19 v2.4 Wasy-2 symbol font definitions
) [2

]
LaTeX Font Info:    Font shape `OT1/cmtt/bx/n' in size <12> not available
(Font)              Font shape `OT1/cmtt/m/n' tried instead on input line 117.
LaTeX Font Info:    Font shape `OT1/cmtt/bx/n' in size <10> not available
(Font)              Font shape `OT1/cmtt/m/n' tried instead on input line 119.
)
\tf@toc=\write5
\openout5 = `trainingcourse.toc'.

 [3] [4

]
(./trainingintro.tex
\blx@maxsegment@1=\count407
\blx@sectionciteorder@1=\count408
Package biblatex Info: Reference section=1 on input line 1.
\openout3 = `trainingcourse1-blx.aux'.

Package biblatex Info: Setting label 'refsection:1' on input line 1.

Chapter 1.

Underfull \hbox (badness 10000) in paragraph at lines 5--22

 []


Underfull \hbox (badness 10000) in paragraph at lines 23--37

 []


Underfull \hbox (badness 10000) in paragraph at lines 38--52

 []

[5

]
Overfull \hbox (5.89178pt too wide) in paragraph at lines 65--65
[][]\OT1/cmr/m/n/10 Ludwig, Ken-neth R (2003). ``Mathematical--statistical trea
t-ment of data and er-rors for $[]$Th/U geochronol-
 []

Package biblatex Info: Reference section=0 on input line 66.
) (./basicnotions.tex [6]
Chapter 2.
[7

] (./chart-of-nuclides.pdf_tex
<../figures/chart-of-nuclides.pdf, id=414, page=1, 237.73386pt x 161.78697pt>
File: ../figures/chart-of-nuclides.pdf Graphic file (type pdf)
<use ../figures/chart-of-nuclides.pdf, page 1>
Package pdftex.def Info: ../figures/chart-of-nuclides.pdf , page1 used on input
 line 52.
(pdftex.def)             Requested size: 273.14923pt x 185.89804pt.
)

Package caption Warning: The option `hypcap=true' will be ignored for this
(caption)                particular \caption on input line 154.
See the caption package documentation for explanation.


Overfull \hbox (2.2222pt too wide) in paragraph at lines 147--163
[] [] 
 []

[8 <../figures/chart-of-nuclides.pdf>] [9]
<../figures/U-Th-series.pdf, id=464, 239.84323pt x 262.00446pt>
File: ../figures/U-Th-series.pdf Graphic file (type pdf)
<use ../figures/U-Th-series.pdf>
Package pdftex.def Info: ../figures/U-Th-series.pdf  used on input line 383.
(pdftex.def)             Requested size: 341.43306pt x 373.02438pt.
 [10]) (./analyticaltechniques.tex
[11 <../figures/U-Th-series.pdf>]
Chapter 3.

Underfull \hbox (badness 10000) in paragraph at lines 30--32

 []


Underfull \hbox (badness 10000) in paragraph at lines 33--47

 []

[12

] (./mass-spec.pdf_tex
<../figures/mass-spec.pdf, id=516, page=1, 399.73857pt x 142.0883pt>
File: ../figures/mass-spec.pdf Graphic file (type pdf)
<use ../figures/mass-spec.pdf, page 1>
Package pdftex.def Info: ../figures/mass-spec.pdf , page1 used on input line 52
.
(pdftex.def)             Requested size: 455.24411pt x 161.82407pt.
<../figures/mass-spec.pdf, id=517, page=2, 399.73857pt x 142.0883pt>
File: ../figures/mass-spec.pdf Graphic file (type pdf)
<use ../figures/mass-spec.pdf, page 2>
Package pdftex.def Info: ../figures/mass-spec.pdf , page2 used on input line 56
.
(pdftex.def)             Requested size: 455.24411pt x 161.82407pt.
) [13 <../figures/mass-spec.pdf> <../figures/mass-spec.pdf

pdfTeX warning: pdflatex (file ../figures/mass-spec.pdf): PDF inclusion: multip
le pdfs with page group included in a single page
>] (./AMS.pdf_tex
<../figures/AMS.pdf, id=541, page=1, 318.5979pt x 170.05751pt>
File: ../figures/AMS.pdf Graphic file (type pdf)
<use ../figures/AMS.pdf, page 1>
Package pdftex.def Info: ../figures/AMS.pdf , page1 used on input line 52.
(pdftex.def)             Requested size: 455.24411pt x 242.99614pt.
<../figures/AMS.pdf, id=542, page=2, 318.5979pt x 170.05751pt>
File: ../figures/AMS.pdf Graphic file (type pdf)
<use ../figures/AMS.pdf, page 2>
Package pdftex.def Info: ../figures/AMS.pdf , page2 used on input line 54.
(pdftex.def)             Requested size: 455.24411pt x 242.99614pt.
) [14] [15 <../figures/AMS.pdf> <../figures/AMS.pdf

pdfTeX warning: pdflatex (file ../figures/AMS.pdf): PDF inclusion: multiple pdf
s with page group included in a single page
>]) (./parentdaughterpairs.tex [16]
Chapter 4.

Package hyperref Warning: Token not allowed in a PDF string (PDFDocEncoding):
(hyperref)                removing `math shift' on input line 4.


Package hyperref Warning: Token not allowed in a PDF string (PDFDocEncoding):
(hyperref)                removing `superscript' on input line 4.


Package hyperref Warning: Token not allowed in a PDF string (PDFDocEncoding):
(hyperref)                removing `math shift' on input line 4.


Underfull \hbox (badness 10000) in paragraph at lines 39--57

 []

[17

] [18] (./isochron.pdf_tex
<../figures/isochron.pdf, id=606, page=1, 209.61066pt x 154.84886pt>
File: ../figures/isochron.pdf Graphic file (type pdf)
<use ../figures/isochron.pdf, page 1>
Package pdftex.def Info: ../figures/isochron.pdf , page1 used on input line 52.

(pdftex.def)             Requested size: 273.14923pt x 201.80203pt.
<../figures/isochron.pdf, id=607, page=2, 209.61066pt x 154.84886pt>
File: ../figures/isochron.pdf Graphic file (type pdf)
<use ../figures/isochron.pdf, page 2>
Package pdftex.def Info: ../figures/isochron.pdf , page2 used on input line 54.

(pdftex.def)             Requested size: 273.14923pt x 201.80203pt.
<../figures/isochron.pdf, id=608, page=3, 209.61066pt x 154.84886pt>
File: ../figures/isochron.pdf Graphic file (type pdf)
<use ../figures/isochron.pdf, page 3>
Package pdftex.def Info: ../figures/isochron.pdf , page3 used on input line 56.

(pdftex.def)             Requested size: 273.14923pt x 201.80203pt.
<../figures/isochron.pdf, id=609, page=4, 209.61066pt x 154.84886pt>
File: ../figures/isochron.pdf Graphic file (type pdf)
<use ../figures/isochron.pdf, page 4>
Package pdftex.def Info: ../figures/isochron.pdf , page4 used on input line 58.

(pdftex.def)             Requested size: 273.14923pt x 201.80203pt.
<../figures/isochron.pdf, id=610, page=5, 209.61066pt x 154.84886pt>
File: ../figures/isochron.pdf Graphic file (type pdf)
<use ../figures/isochron.pdf, page 5>
Package pdftex.def Info: ../figures/isochron.pdf , page5 used on input line 60.

(pdftex.def)             Requested size: 273.14923pt x 201.80203pt.
)
Overfull \hbox (2.2222pt too wide) in paragraph at lines 192--205
[] [] 
 []


Underfull \hbox (badness 10000) in paragraph at lines 220--232

 []


Underfull \hbox (badness 10000) in paragraph at lines 233--242

 []

[19 <../figures/isochron.pdf> <../figures/isochron.pdf

pdfTeX warning: pdflatex (file ../figures/isochron.pdf): PDF inclusion: multipl
e pdfs with page group included in a single page
> <../figures/isochron.pdf

pdfTeX warning: pdflatex (file ../figures/isochron.pdf): PDF inclusion: multipl
e pdfs with page group included in a single page
> <../figures/isochron.pdf

pdfTeX warning: pdflatex (file ../figures/isochron.pdf): PDF inclusion: multipl
e pdfs with page group included in a single page
> <../figures/isochron.pdf

pdfTeX warning: pdflatex (file ../figures/isochron.pdf): PDF inclusion: multipl
e pdfs with page group included in a single page
>]
Underfull \hbox (badness 10000) in paragraph at lines 279--283

 []

) (./intro2UPb.tex [20]
Chapter 5.
[21

] [22] (./wetherill.pdf_tex
<../figures/wetherill.pdf, id=667, page=1, 148.9148pt x 122.25204pt>
File: ../figures/wetherill.pdf Graphic file (type pdf)
<use ../figures/wetherill.pdf, page 1>
Package pdftex.def Info: ../figures/wetherill.pdf , page1 used on input line 52
.
(pdftex.def)             Requested size: 227.62206pt x 186.87712pt.
<../figures/wetherill.pdf, id=668, page=2, 148.9148pt x 122.25204pt>
File: ../figures/wetherill.pdf Graphic file (type pdf)
<use ../figures/wetherill.pdf, page 2>
Package pdftex.def Info: ../figures/wetherill.pdf , page2 used on input line 54
.
(pdftex.def)             Requested size: 227.62206pt x 186.87712pt.
)
Overfull \hbox (2.22221pt too wide) in paragraph at lines 221--233
[] [] 
 []


Underfull \hbox (badness 10000) in paragraph at lines 246--269

 []

) [23 <../figures/wetherill.pdf> <../figures/wetherill.pdf

pdfTeX warning: pdflatex (file ../figures/wetherill.pdf): PDF inclusion: multip
le pdfs with page group included in a single page
>] (./intro2KAr.tex [24]
Chapter 6.

Package hyperref Warning: Token not allowed in a PDF string (PDFDocEncoding):
(hyperref)                removing `math shift' on input line 57.


Package hyperref Warning: Token not allowed in a PDF string (PDFDocEncoding):
(hyperref)                removing `superscript' on input line 57.


Package hyperref Warning: Token not allowed in a PDF string (PDFDocEncoding):
(hyperref)                removing `math shift' on input line 57.


Package hyperref Warning: Token not allowed in a PDF string (PDFDocEncoding):
(hyperref)                removing `math shift' on input line 57.


Package hyperref Warning: Token not allowed in a PDF string (PDFDocEncoding):
(hyperref)                removing `superscript' on input line 57.


Package hyperref Warning: Token not allowed in a PDF string (PDFDocEncoding):
(hyperref)                removing `math shift' on input line 57.

[25

]
Underfull \hbox (badness 10000) in paragraph at lines 90--95

 []


Underfull \hbox (badness 10000) in paragraph at lines 122--126

 []

(./Ar-Ar.pdf_tex
<../figures/Ar-Ar.pdf, id=710, page=1, 166.96739pt x 201.69394pt>
File: ../figures/Ar-Ar.pdf Graphic file (type pdf)
<use ../figures/Ar-Ar.pdf, page 1>
Package pdftex.def Info: ../figures/Ar-Ar.pdf , page1 used on input line 55.
(pdftex.def)             Requested size: 250.38564pt x 302.48473pt.
<../figures/Ar-Ar.pdf, id=711, page=2, 166.96739pt x 201.69394pt>
File: ../figures/Ar-Ar.pdf Graphic file (type pdf)
<use ../figures/Ar-Ar.pdf, page 2>
Package pdftex.def Info: ../figures/Ar-Ar.pdf , page2 used on input line 58.
(pdftex.def)             Requested size: 250.38564pt x 302.48473pt.
<../figures/Ar-Ar.pdf, id=712, page=3, 166.96739pt x 201.69394pt>
File: ../figures/Ar-Ar.pdf Graphic file (type pdf)
<use ../figures/Ar-Ar.pdf, page 3>
Package pdftex.def Info: ../figures/Ar-Ar.pdf , page3 used on input line 60.
(pdftex.def)             Requested size: 250.38564pt x 302.48473pt.
<../figures/Ar-Ar.pdf, id=713, page=4, 166.96739pt x 201.69394pt>
File: ../figures/Ar-Ar.pdf Graphic file (type pdf)
<use ../figures/Ar-Ar.pdf, page 4>
Package pdftex.def Info: ../figures/Ar-Ar.pdf , page4 used on input line 62.
(pdftex.def)             Requested size: 250.38564pt x 302.48473pt.
<../figures/Ar-Ar.pdf, id=714, page=5, 166.96739pt x 201.69394pt>
File: ../figures/Ar-Ar.pdf Graphic file (type pdf)
<use ../figures/Ar-Ar.pdf, page 5>
Package pdftex.def Info: ../figures/Ar-Ar.pdf , page5 used on input line 64.
(pdftex.def)             Requested size: 250.38564pt x 302.48473pt.
<../figures/Ar-Ar.pdf, id=715, page=6, 166.96739pt x 201.69394pt>
File: ../figures/Ar-Ar.pdf Graphic file (type pdf)
<use ../figures/Ar-Ar.pdf, page 6>
Package pdftex.def Info: ../figures/Ar-Ar.pdf , page6 used on input line 66.
(pdftex.def)             Requested size: 250.38564pt x 302.48473pt.
<../figures/Ar-Ar.pdf, id=716, page=7, 166.96739pt x 201.69394pt>
File: ../figures/Ar-Ar.pdf Graphic file (type pdf)
<use ../figures/Ar-Ar.pdf, page 7>
Package pdftex.def Info: ../figures/Ar-Ar.pdf , page7 used on input line 68.
(pdftex.def)             Requested size: 250.38564pt x 302.48473pt.
<../figures/Ar-Ar.pdf, id=717, page=8, 166.96739pt x 201.69394pt>
File: ../figures/Ar-Ar.pdf Graphic file (type pdf)
<use ../figures/Ar-Ar.pdf, page 8>
Package pdftex.def Info: ../figures/Ar-Ar.pdf , page8 used on input line 70.
(pdftex.def)             Requested size: 250.38564pt x 302.48473pt.
<../figures/Ar-Ar.pdf, id=718, page=9, 166.96739pt x 201.69394pt>
File: ../figures/Ar-Ar.pdf Graphic file (type pdf)
<use ../figures/Ar-Ar.pdf, page 9>
Package pdftex.def Info: ../figures/Ar-Ar.pdf , page9 used on input line 73.
(pdftex.def)             Requested size: 250.38564pt x 302.48473pt.
<../figures/Ar-Ar.pdf, id=719, page=10, 166.96739pt x 201.69394pt>
File: ../figures/Ar-Ar.pdf Graphic file (type pdf)
<use ../figures/Ar-Ar.pdf, page 10>
Package pdftex.def Info: ../figures/Ar-Ar.pdf , page10 used on input line 75.
(pdftex.def)             Requested size: 250.38564pt x 302.48473pt.
)
Overfull \hbox (2.2222pt too wide) in paragraph at lines 146--163
[] [] 
 []

[26 <../figures/Ar-Ar.pdf> <../figures/Ar-Ar.pdf

pdfTeX warning: pdflatex (file ../figures/Ar-Ar.pdf): PDF inclusion: multiple p
dfs with page group included in a single page
> <../figures/Ar-Ar.pdf

pdfTeX warning: pdflatex (file ../figures/Ar-Ar.pdf): PDF inclusion: multiple p
dfs with page group included in a single page
> <../figures/Ar-Ar.pdf

pdfTeX warning: pdflatex (file ../figures/Ar-Ar.pdf): PDF inclusion: multiple p
dfs with page group included in a single page
> <../figures/Ar-Ar.pdf

pdfTeX warning: pdflatex (file ../figures/Ar-Ar.pdf): PDF inclusion: multiple p
dfs with page group included in a single page
> <../figures/Ar-Ar.pdf

pdfTeX warning: pdflatex (file ../figures/Ar-Ar.pdf): PDF inclusion: multiple p
dfs with page group included in a single page
> <../figures/Ar-Ar.pdf

pdfTeX warning: pdflatex (file ../figures/Ar-Ar.pdf): PDF inclusion: multiple p
dfs with page group included in a single page
> <../figures/Ar-Ar.pdf

pdfTeX warning: pdflatex (file ../figures/Ar-Ar.pdf): PDF inclusion: multiple p
dfs with page group included in a single page
> <../figures/Ar-Ar.pdf

pdfTeX warning: pdflatex (file ../figures/Ar-Ar.pdf): PDF inclusion: multiple p
dfs with page group included in a single page
> <../figures/Ar-Ar.pdf

pdfTeX warning: pdflatex (file ../figures/Ar-Ar.pdf): PDF inclusion: multiple p
dfs with page group included in a single page
>]) (./intro2thermochronology.tex [27]
Chapter 7.

Underfull \hbox (badness 10000) in paragraph at lines 29--46

 []


Underfull \hbox (badness 10000) in paragraph at lines 76--80

 []

[28

]
Underfull \hbox (badness 10000) in paragraph at lines 97--103

 []

(./Arrhenius.pdf_tex
<../figures/Arrhenius.pdf, id=760, page=1, 246.95279pt x 194.18416pt>
File: ../figures/Arrhenius.pdf Graphic file (type pdf)
<use ../figures/Arrhenius.pdf, page 1>
Package pdftex.def Info: ../figures/Arrhenius.pdf , page1 used on input line 52
.
(pdftex.def)             Requested size: 273.14923pt x 214.79434pt.
)
Overfull \hbox (2.2222pt too wide) in paragraph at lines 134--148
[] [] 
 []

[29 <../figures/Arrhenius.pdf>]
Underfull \hbox (badness 10000) in paragraph at lines 230--235

 []

(./EDM.pdf_tex
<../figures/EDM.pdf, id=782, page=1, 202.17679pt x 273.38663pt>
File: ../figures/EDM.pdf Graphic file (type pdf)
<use ../figures/EDM.pdf, page 1>
Package pdftex.def Info: ../figures/EDM.pdf , page1 used on input line 52.
(pdftex.def)             Requested size: 250.38564pt x 338.57875pt.
<../figures/EDM.pdf, id=783, page=2, 202.17679pt x 273.38663pt>
File: ../figures/EDM.pdf Graphic file (type pdf)
<use ../figures/EDM.pdf, page 2>
Package pdftex.def Info: ../figures/EDM.pdf , page2 used on input line 62.
(pdftex.def)             Requested size: 250.38564pt x 338.57875pt.
)
Underfull \hbox (badness 1189) in paragraph at lines 257--257
[]\OT1/cmr/m/n/10 Figure 7.2: |Schematic di-a-gram il-lus-trat-ing
 []


Overfull \hbox (2.2222pt too wide) in paragraph at lines 249--260
[] [] 
 []


Underfull \hbox (badness 10000) in paragraph at lines 306--315

 []

[30] (./stockli.pdf_tex
<../figures/stockli.pdf, id=802, page=1, 190.98752pt x 165.07506pt>
File: ../figures/stockli.pdf Graphic file (type pdf)
<use ../figures/stockli.pdf, page 1>
Package pdftex.def Info: ../figures/stockli.pdf , page1 used on input line 52.
(pdftex.def)             Requested size: 318.66948pt x 275.45773pt.
<../figures/stockli.pdf, id=803, page=2, 190.98752pt x 165.07506pt>
File: ../figures/stockli.pdf Graphic file (type pdf)
<use ../figures/stockli.pdf, page 2>
Package pdftex.def Info: ../figures/stockli.pdf , page2 used on input line 54.
(pdftex.def)             Requested size: 318.66948pt x 275.45773pt.
)) (./intro2USeries.tex [31 <../figures/EDM.pdf> <../figures/EDM.pdf

pdfTeX warning: pdflatex (file ../figures/EDM.pdf): PDF inclusion: multiple pdf
s with page group included in a single page
>] [32 <../figures/stockli.pdf> <../figures/stockli.pdf

pdfTeX warning: pdflatex (file ../figures/stockli.pdf): PDF inclusion: multiple
 pdfs with page group included in a single page
>]
Chapter 8.

Package hyperref Warning: Token not allowed in a PDF string (PDFDocEncoding):
(hyperref)                removing `math shift' on input line 33.


Package hyperref Warning: Token not allowed in a PDF string (PDFDocEncoding):
(hyperref)                removing `superscript' on input line 33.


Package hyperref Warning: Token not allowed in a PDF string (PDFDocEncoding):
(hyperref)                removing `math shift' on input line 33.


Package hyperref Warning: Token not allowed in a PDF string (PDFDocEncoding):
(hyperref)                removing `math shift' on input line 33.


Package hyperref Warning: Token not allowed in a PDF string (PDFDocEncoding):
(hyperref)                removing `superscript' on input line 33.


Package hyperref Warning: Token not allowed in a PDF string (PDFDocEncoding):
(hyperref)                removing `math shift' on input line 33.


Package hyperref Warning: Token not allowed in a PDF string (PDFDocEncoding):
(hyperref)                removing `math shift' on input line 74.


Package hyperref Warning: Token not allowed in a PDF string (PDFDocEncoding):
(hyperref)                removing `superscript' on input line 74.


Package hyperref Warning: Token not allowed in a PDF string (PDFDocEncoding):
(hyperref)                removing `math shift' on input line 74.

[33

]

Package hyperref Warning: Token not allowed in a PDF string (PDFDocEncoding):
(hyperref)                removing `math shift' on input line 108.


Package hyperref Warning: Token not allowed in a PDF string (PDFDocEncoding):
(hyperref)                removing `superscript' on input line 108.


Package hyperref Warning: Token not allowed in a PDF string (PDFDocEncoding):
(hyperref)                removing `math shift' on input line 108.


Package hyperref Warning: Token not allowed in a PDF string (PDFDocEncoding):
(hyperref)                removing `math shift' on input line 108.


Package hyperref Warning: Token not allowed in a PDF string (PDFDocEncoding):
(hyperref)                removing `superscript' on input line 108.


Package hyperref Warning: Token not allowed in a PDF string (PDFDocEncoding):
(hyperref)                removing `math shift' on input line 108.

) (./intro2errorprop.tex [34]
Chapter 9.

Underfull \hbox (badness 10000) in paragraph at lines 4--11

 []

[35

] [36]
Underfull \hbox (badness 10000) in paragraph at lines 238--245

 []

(./bullseye.pdf_tex
<../figures/bullseye.pdf, id=924, page=1, 506.53244pt x 164.14139pt>
File: ../figures/bullseye.pdf Graphic file (type pdf)
<use ../figures/bullseye.pdf, page 1>
Package pdftex.def Info: ../figures/bullseye.pdf , page1 used on input line 52.

(pdftex.def)             Requested size: 455.24411pt x 147.53052pt.
) (./covariance.pdf_tex
<../figures/covariance.pdf, id=925, page=1, 473.80183pt x 403.49167pt>
File: ../figures/covariance.pdf Graphic file (type pdf)
<use ../figures/covariance.pdf, page 1>
Package pdftex.def Info: ../figures/covariance.pdf , page1 used on input line 5
2.
(pdftex.def)             Requested size: 318.66948pt x 271.39082pt.
<../figures/covariance.pdf, id=926, page=2, 473.80183pt x 403.49167pt>
File: ../figures/covariance.pdf Graphic file (type pdf)
<use ../figures/covariance.pdf, page 2>
Package pdftex.def Info: ../figures/covariance.pdf , page2 used on input line 8
2.
(pdftex.def)             Requested size: 318.66948pt x 271.39082pt.
)
Underfull \hbox (badness 1215) in paragraph at lines 290--290
\OT1/cmr/m/n/10 which have the same means
 []


Underfull \hbox (badness 1275) in paragraph at lines 290--290
\OT1/cmr/m/n/10 (white squares) but dif-fer-ent
 []


Overfull \hbox (2.2222pt too wide) in paragraph at lines 280--293
[] [] 
 []

) (./trainingexercises.tex [37 <../figures/bullseye.pdf>] [38 <../figures/covar
iance.pdf> <../figures/covariance.pdf

pdfTeX warning: pdflatex (file ../figures/covariance.pdf): PDF inclusion: multi
ple pdfs with page group included in a single page
>]
Chapter 10.
[39

]) (./intro2trainingpracticals.tex [40]
Chapter 11.
) (./intro2R.tex
LaTeX Font Info:    Font shape `OT1/cmtt/bx/n' in size <14.4> not available
(Font)              Font shape `OT1/cmtt/m/n' tried instead on input line 1.
 [41

]
Underfull \hbox (badness 10000) in paragraph at lines 81--85

 []

[42] [43]) (./intro2UPb-R.tex [44]) (./intro2ArAr-R.tex

Package hyperref Warning: Token not allowed in a PDF string (PDFDocEncoding):
(hyperref)                removing `math shift' on input line 1.


Package hyperref Warning: Token not allowed in a PDF string (PDFDocEncoding):
(hyperref)                removing `superscript' on input line 1.


Package hyperref Warning: Token not allowed in a PDF string (PDFDocEncoding):
(hyperref)                removing `math shift' on input line 1.


Package hyperref Warning: Token not allowed in a PDF string (PDFDocEncoding):
(hyperref)                removing `math shift' on input line 1.


Package hyperref Warning: Token not allowed in a PDF string (PDFDocEncoding):
(hyperref)                removing `superscript' on input line 1.


Package hyperref Warning: Token not allowed in a PDF string (PDFDocEncoding):
(hyperref)                removing `math shift' on input line 1.

) (./intro2errorprop-R.tex [45]) (./intro2FT-R.tex) [46] [47

]
(./part2preface.tex
Chapter 12.

LaTeX Warning: Reference `ch:regression' on page 48 undefined on input line 37.



LaTeX Warning: Reference `ch:overdispersion' on page 48 undefined on input line
 42.


LaTeX Warning: Reference `ch:averaging' on page 48 undefined on input line 44.


LaTeX Warning: Reference `ch:confidence' on page 48 undefined on input line 46.



Overfull \hbox (0.97853pt too wide) in paragraph at lines 31--50
[]\OT1/cmr/m/n/10 Chapter []15[] pro-vides a brief in-tro-duc-tion to the de-si
gn phi-los-o-phy and op-er-at-ing prin-ci-ples of \OT1/cmtt/m/n/10 IsoplotR\OT1
/cmr/m/n/10 ,
 []


Underfull \hbox (badness 10000) in paragraph at lines 31--50

 []


LaTeX Warning: Reference `ch:density' on page 48 undefined on input line 51.


LaTeX Warning: Reference `ch:mixtures' on page 48 undefined on input line 61.


Underfull \hbox (badness 10000) in paragraph at lines 51--62

 []


LaTeX Warning: Reference `ch:UPb' on page 48 undefined on input line 69.


LaTeX Warning: Reference `ch:detritals' on page 48 undefined on input line 73.


LaTeX Warning: Reference `ch:USeries' on page 48 undefined on input line 76.


LaTeX Warning: Reference `ch:thermochronology' on page 48 undefined on input li
ne 77.


Underfull \hbox (badness 10000) in paragraph at lines 69--80

 []

[48

]

LaTeX Warning: Reference `sec:future' on page 49 undefined on input line 81.

) (./formats.tex
\blx@maxsegment@2=\count409
\blx@sectionciteorder@2=\count410
Package biblatex Info: Reference section=2 on input line 1.
\openout3 = `trainingcourse2-blx.aux'.

Package biblatex Info: Setting label 'refsection:2' on input line 1.
 [49]
Chapter 13.
<../figures/2sigma.pdf, id=1075, 505.89pt x 144.54pt>
File: ../figures/2sigma.pdf Graphic file (type pdf)
<use ../figures/2sigma.pdf>
Package pdftex.def Info: ../figures/2sigma.pdf  used on input line 35.
(pdftex.def)             Requested size: 455.24411pt x 130.07155pt.

Package caption Warning: The option `hypcap=true' will be ignored for this
(caption)                particular \caption on input line 40.
See the caption package documentation for explanation.


Underfull \hbox (badness 10000) in paragraph at lines 44--55

 []

[50

 <../figures/2sigma.pdf>]
Underfull \hbox (badness 10000) in paragraph at lines 121--128

 []

[51]

Package caption Warning: The option `hypcap=true' will be ignored for this
(caption)                particular \caption on input line 213.
See the caption package documentation for explanation.

<../figures/wtdmean.pdf, id=1130, 361.35pt x 216.81pt>
File: ../figures/wtdmean.pdf Graphic file (type pdf)
<use ../figures/wtdmean.pdf>
Package pdftex.def Info: ../figures/wtdmean.pdf  used on input line 231.
(pdftex.def)             Requested size: 227.62206pt x 136.57448pt.

Package caption Warning: The option `hypcap=true' will be ignored for this
(caption)                particular \caption on input line 237.
See the caption package documentation for explanation.


Overfull \hbox (2.22221pt too wide) in paragraph at lines 229--240
[] [] 
 []

[52 <../figures/wtdmean.pdf>]
<../figures/chi2wtdmean.pdf, id=1155, 433.62pt x 216.81pt>
File: ../figures/chi2wtdmean.pdf Graphic file (type pdf)
<use ../figures/chi2wtdmean.pdf>
Package pdftex.def Info: ../figures/chi2wtdmean.pdf  used on input line 265.
(pdftex.def)             Requested size: 318.66948pt x 159.34184pt.


Package caption Warning: The option `hypcap=true' will be ignored for this
(caption)                particular \caption on input line 270.
See the caption package documentation for explanation.


Overfull \hbox (2.2222pt too wide) in paragraph at lines 263--273
[] [] 
 []


Underfull \hbox (badness 10000) in paragraph at lines 274--281

 []

<../figures/mswd.pdf, id=1157, 505.89pt x 252.945pt>
File: ../figures/mswd.pdf Graphic file (type pdf)
<use ../figures/mswd.pdf>
Package pdftex.def Info: ../figures/mswd.pdf  used on input line 301.
(pdftex.def)             Requested size: 318.66948pt x 159.33688pt.

Package caption Warning: The option `hypcap=true' will be ignored for this
(caption)                particular \caption on input line 306.
See the caption package documentation for explanation.


Overfull \hbox (2.2222pt too wide) in paragraph at lines 299--309
[] [] 
 []

[53 <../figures/chi2wtdmean.pdf> <../figures/mswd.pdf

pdfTeX warning: pdflatex (file ../figures/mswd.pdf): PDF inclusion: multiple pd
fs with page group included in a single page
>]
<../figures/wtdmeanMSWD.pdf, id=1190, 204.10406pt x 308.30591pt>
File: ../figures/wtdmeanMSWD.pdf Graphic file (type pdf)
<use ../figures/wtdmeanMSWD.pdf>
Package pdftex.def Info: ../figures/wtdmeanMSWD.pdf  used on input line 329.
(pdftex.def)             Requested size: 182.09486pt x 275.06883pt.


Package caption Warning: The option `hypcap=true' will be ignored for this
(caption)                particular \caption on input line 352.
See the caption package documentation for explanation.


Overfull \hbox (4.44441pt too wide) in paragraph at lines 327--355
[] [] [] 
 []

[54 <../figures/wtdmeanMSWD.pdf>]
Underfull \hbox (badness 10000) in paragraph at lines 445--460

 []

<../figures/spurious.pdf, id=1224, 578.16pt x 144.54pt>
File: ../figures/spurious.pdf Graphic file (type pdf)
<use ../figures/spurious.pdf>
Package pdftex.def Info: ../figures/spurious.pdf  used on input line 461.
(pdftex.def)             Requested size: 455.24411pt x 113.8104pt.

Underfull \hbox (badness 10000) in paragraph at lines 461--462

 []

[55 <../figures/spurious.pdf>]
<../figures/errorcorrelation_edited.pdf, id=1243, 500.43088pt x 145.84163pt>
File: ../figures/errorcorrelation_edited.pdf Graphic file (type pdf)
<use ../figures/errorcorrelation_edited.pdf>
Package pdftex.def Info: ../figures/errorcorrelation_edited.pdf  used on input 
line 517.
(pdftex.def)             Requested size: 455.24411pt x 132.67824pt.


Package caption Warning: The option `hypcap=true' will be ignored for this
(caption)                particular \caption on input line 521.
See the caption package documentation for explanation.


Underfull \hbox (badness 10000) in paragraph at lines 545--547

 []

<../figures/inverrorcorrelation_edited.pdf, id=1244, 501.38976pt x 136.82838pt>

File: ../figures/inverrorcorrelation_edited.pdf Graphic file (type pdf)
<use ../figures/inverrorcorrelation_edited.pdf>
Package pdftex.def Info: ../figures/inverrorcorrelation_edited.pdf  used on inp
ut line 548.
(pdftex.def)             Requested size: 455.24411pt x 124.23842pt.

Package caption Warning: The option `hypcap=true' will be ignored for this
(caption)                particular \caption on input line 552.
See the caption package documentation for explanation.

[56 <../figures/errorcorrelation_edited.pdf> <../figures/inverrorcorrelation_ed
ited.pdf

pdfTeX warning: pdflatex (file ../figures/inverrorcorrelation_edited.pdf): PDF 
inclusion: multiple pdfs with page group included in a single page
>]
Underfull \hbox (badness 10000) in paragraph at lines 591--602

 []


LaTeX Font Warning: Font shape `U/wasy/b/n' in size <7> not available
(Font)              Font shape `U/wasy/m/n' tried instead on input line 634.


LaTeX Font Warning: Font shape `U/wasy/b/n' in size <5> not available
(Font)              Font shape `U/wasy/m/n' tried instead on input line 634.


Underfull \hbox (badness 10000) in paragraph at lines 633--651

 []

[57]
<../figures/regression.pdf, id=1316, 839.63565pt x 376.60756pt>
File: ../figures/regression.pdf Graphic file (type pdf)
<use ../figures/regression.pdf>
Package pdftex.def Info: ../figures/regression.pdf  used on input line 724.
(pdftex.def)             Requested size: 386.96027pt x 173.56339pt.


Package caption Warning: The option `hypcap=true' will be ignored for this
(caption)                particular \caption on input line 738.
See the caption package documentation for explanation.

[58 <../figures/regression.pdf>]
<../figures/isochronMSWD.pdf, id=1345, 175.03416pt x 276.80753pt>
File: ../figures/isochronMSWD.pdf Graphic file (type pdf)
<use ../figures/isochronMSWD.pdf>
Package pdftex.def Info: ../figures/isochronMSWD.pdf  used on input line 780.
(pdftex.def)             Requested size: 182.09486pt x 287.9744pt.


Package caption Warning: The option `hypcap=true' will be ignored for this
(caption)                particular \caption on input line 801.
See the caption package documentation for explanation.


Overfull \hbox (2.2222pt too wide) in paragraph at lines 778--804
[] [] 
 []

[59 <../figures/isochronMSWD.pdf>]
<../figures/tdof.pdf, id=1373, 433.62pt x 216.81pt>
File: ../figures/tdof.pdf Graphic file (type pdf)
<use ../figures/tdof.pdf>
Package pdftex.def Info: ../figures/tdof.pdf  used on input line 893.
(pdftex.def)             Requested size: 273.14923pt x 136.58109pt.

Underfull \hbox (badness 10000) in paragraph at lines 893--894

 []


Package caption Warning: The option `hypcap=true' will be ignored for this
(caption)                particular \caption on input line 902.
See the caption package documentation for explanation.


Overfull \hbox (2.2222pt too wide) in paragraph at lines 892--905
[] [] 
 []

[60 <../figures/tdof.pdf>]
<../figures/model-1.pdf, id=1388, 413.17589pt x 190.93114pt>
File: ../figures/model-1.pdf Graphic file (type pdf)
<use ../figures/model-1.pdf>
Package pdftex.def Info: ../figures/model-1.pdf  used on input line 927.
(pdftex.def)             Requested size: 273.14923pt x 126.2276pt.

Underfull \hbox (badness 10000) in paragraph at lines 927--928

 []


Package caption Warning: The option `hypcap=true' will be ignored for this
(caption)                particular \caption on input line 934.
See the caption package documentation for explanation.


Overfull \hbox (2.2222pt too wide) in paragraph at lines 926--937
[] [] 
 []


Underfull \hbox (badness 10000) in paragraph at lines 938--949

 []


Underfull \hbox (badness 10000) in paragraph at lines 950--957

 []


LaTeX Warning: Reference `sec:future' on page 61 undefined on input line 963.

[61 <../figures/model-1.pdf>]
Package biblatex Info: Reference section=0 on input line 969.
) (./generic.tex
\blx@maxsegment@3=\count411
\blx@sectionciteorder@3=\count412
Package biblatex Info: Reference section=3 on input line 1.
\openout3 = `trainingcourse3-blx.aux'.

Package biblatex Info: Setting label 'refsection:3' on input line 1.
 [62]
Chapter 14.

Underfull \hbox (badness 10000) in paragraph at lines 70--78

 []

[63

]
Underfull \hbox (badness 10000) in paragraph at lines 101--108

 []


Underfull \hbox (badness 10000) in paragraph at lines 109--120

 []


Underfull \hbox (badness 10000) in paragraph at lines 133--138

 []


Underfull \hbox (badness 10000) in paragraph at lines 139--145

 []


Underfull \hbox (badness 10000) in paragraph at lines 154--157

 []

[64]
Underfull \hbox (badness 10000) in paragraph at lines 158--165

 []


Underfull \hbox (badness 10000) in paragraph at lines 166--176

 []


Underfull \hbox (badness 10000) in paragraph at lines 177--187

 []


Underfull \hbox (badness 10000) in paragraph at lines 206--212

 []


Underfull \hbox (badness 10000) in paragraph at lines 213--222

 []

<../figures/radial.png, id=1481, 1508.63625pt x 704.6325pt>
File: ../figures/radial.png Graphic file (type png)
<use ../figures/radial.png>
Package pdftex.def Info: ../figures/radial.png  used on input line 224.
(pdftex.def)             Requested size: 364.19667pt x 170.10442pt.
[65]

Package caption Warning: The option `hypcap=true' will be ignored for this
(caption)                particular \caption on input line 237.
See the caption package documentation for explanation.


Underfull \hbox (badness 10000) in paragraph at lines 241--249

 []

<../figures/frequency.pdf, id=1496, 855.09593pt x 210.002pt>
File: ../figures/frequency.pdf Graphic file (type pdf)
<use ../figures/frequency.pdf>
Package pdftex.def Info: ../figures/frequency.pdf  used on input line 250.
(pdftex.def)             Requested size: 455.24411pt x 111.8004pt.

Package caption Warning: The option `hypcap=true' will be ignored for this
(caption)                particular \caption on input line 252.
See the caption package documentation for explanation.


Underfull \hbox (badness 10000) in paragraph at lines 259--264

 []


Underfull \hbox (badness 10000) in paragraph at lines 265--274

 []

<../figures/logtrans.pdf, id=1502, 823.35854pt x 209.62169pt>
File: ../figures/logtrans.pdf Graphic file (type pdf)
<use ../figures/logtrans.pdf>
Package pdftex.def Info: ../figures/logtrans.pdf  used on input line 275.
(pdftex.def)             Requested size: 455.24411pt x 115.9032pt.

Package caption Warning: The option `hypcap=true' will be ignored for this
(caption)                particular \caption on input line 280.
See the caption package documentation for explanation.

[66 <../figures/radial.png> <../figures/frequency.pdf>]
Underfull \hbox (badness 10000) in paragraph at lines 291--300

 []


Underfull \hbox (badness 10000) in paragraph at lines 301--307

 []


Underfull \hbox (badness 10000) in paragraph at lines 308--313

 []


Underfull \hbox (badness 10000) in paragraph at lines 323--331

 []


LaTeX Warning: Citation 'galbraith2005' on page 67 undefined on input line 335.



Underfull \hbox (badness 10000) in paragraph at lines 332--340

 []


Underfull \hbox (badness 10000) in paragraph at lines 341--350

 []

[67 <../figures/logtrans.pdf>]
Underfull \hbox (badness 10000) in paragraph at lines 351--357

 []


LaTeX Warning: Reference `fig:1' on page 68 undefined on input line 365.

Package biblatex Info: Reference section=0 on input line 369.
) [68]
LaTeX Font Info:    Font shape `OT1/cmtt/bx/n' in size <24.88> not available
(Font)              Font shape `OT1/cmtt/m/n' tried instead on input line 97.
 [69

] (./intro2IsoplotR.tex
\blx@maxsegment@4=\count413
\blx@sectionciteorder@4=\count414
Package biblatex Info: Reference section=4 on input line 1.
\openout3 = `trainingcourse4-blx.aux'.

Package biblatex Info: Setting label 'refsection:4' on input line 1.

Chapter 15.

Underfull \hbox (badness 10000) in paragraph at lines 5--15

 []


Underfull \hbox (badness 10000) in paragraph at lines 16--22

 []


Underfull \hbox (badness 10000) in paragraph at lines 31--33

 []


Underfull \hbox (badness 10000) in paragraph at lines 34--42

 []


Underfull \hbox (badness 10000) in paragraph at lines 43--51

 []

[70

]
Underfull \hbox (badness 10000) in paragraph at lines 82--89

 []

<../figures/IsoplotR.png, id=1588, 1141.26375pt x 656.4525pt>
File: ../figures/IsoplotR.png Graphic file (type png)
<use ../figures/IsoplotR.png>
Package pdftex.def Info: ../figures/IsoplotR.png  used on input line 90.
(pdftex.def)             Requested size: 455.24411pt x 261.85515pt.

Underfull \hbox (badness 10000) in paragraph at lines 90--91

 []

<../figures/chronometerbutton.png, id=1589, 118.4425pt x 47.17625pt>
File: ../figures/chronometerbutton.png Graphic file (type png)
<use ../figures/chronometerbutton.png>
Package pdftex.def Info: ../figures/chronometerbutton.png  used on input line 9
4.
(pdftex.def)             Requested size: 47.79846pt x 19.03787pt.

Underfull \hbox (badness 10000) in paragraph at lines 97--102

 []


Overfull \hbox (2.2222pt too wide) in paragraph at lines 92--103
[] [] 
 []

<../figures/plotdevices.png, id=1590, 159.59625pt x 46.1725pt>
File: ../figures/plotdevices.png Graphic file (type png)
<use ../figures/plotdevices.png>
Package pdftex.def Info: ../figures/plotdevices.png  used on input line 106.
(pdftex.def)             Requested size: 68.28383pt x 19.75514pt.

Underfull \hbox (badness 10000) in paragraph at lines 109--112

 []


Overfull \hbox (2.2222pt too wide) in paragraph at lines 104--113
[] [] 
 []

<../figures/Options.png, id=1591, 117.43875pt x 46.1725pt>
File: ../figures/Options.png Graphic file (type png)
<use ../figures/Options.png>
Package pdftex.def Info: ../figures/Options.png  used on input line 116.
(pdftex.def)             Requested size: 47.79846pt x 18.79204pt.

Underfull \hbox (badness 10000) in paragraph at lines 119--122

 []


Overfull \hbox (2.2222pt too wide) in paragraph at lines 114--123
[] [] 
 []

<../figures/Help.png, id=1592, 86.3225pt x 45.16875pt>
File: ../figures/Help.png Graphic file (type png)
<use ../figures/Help.png>
Package pdftex.def Info: ../figures/Help.png  used on input line 126.
(pdftex.def)             Requested size: 37.5563pt x 19.65169pt.

Underfull \hbox (badness 10000) in paragraph at lines 129--133

 []


Overfull \hbox (2.2222pt too wide) in paragraph at lines 124--134
[] [] 
 []

<../figures/Open.png, id=1593, 101.37875pt x 46.1725pt>
File: ../figures/Open.png Graphic file (type png)
<use ../figures/Open.png>
Package pdftex.def Info: ../figures/Open.png  used on input line 137.
(pdftex.def)             Requested size: 37.5563pt x 17.10538pt.
<../figures/Save.png, id=1594, 91.34125pt x 45.16875pt>
File: ../figures/Save.png Graphic file (type png)
<use ../figures/Save.png>
Package pdftex.def Info: ../figures/Save.png  used on input line 138.
(pdftex.def)             Requested size: 37.5563pt x 18.57167pt.

Underfull \hbox (badness 10000) in paragraph at lines 136--139

 []


Underfull \hbox (badness 10000) in paragraph at lines 141--143

 []


Overfull \hbox (2.2222pt too wide) in paragraph at lines 135--144
[] [] 
 []

[71 <../figures/IsoplotR.png> <../figures/chronometerbutton.png> <../figures/pl
otdevices.png> <../figures/Options.png> <../figures/Help.png>]
<../figures/PLOT.png, id=1599, 99.37125pt x 45.16875pt>
File: ../figures/PLOT.png Graphic file (type png)
<use ../figures/PLOT.png>
Package pdftex.def Info: ../figures/PLOT.png  used on input line 147.
(pdftex.def)             Requested size: 37.5563pt x 17.07124pt.
<../figures/RUN.png, id=1600, 88.33pt x 44.165pt>
File: ../figures/RUN.png Graphic file (type png)
<use ../figures/RUN.png>
Package pdftex.def Info: ../figures/RUN.png  used on input line 148.
(pdftex.def)             Requested size: 37.5563pt x 18.77829pt.

Underfull \hbox (badness 10000) in paragraph at lines 146--149

 []


Underfull \hbox (badness 10000) in paragraph at lines 151--154

 []


Overfull \hbox (2.2222pt too wide) in paragraph at lines 145--155
[] [] 
 []

<../figures/PDF.png, id=1601, 85.31876pt x 46.1725pt>
File: ../figures/PDF.png Graphic file (type png)
<use ../figures/PDF.png>
Package pdftex.def Info: ../figures/PDF.png  used on input line 158.
(pdftex.def)             Requested size: 37.5563pt x 20.3244pt.
<../figures/CSV.png, id=1602, 88.33pt x 47.17625pt>
File: ../figures/CSV.png Graphic file (type png)
<use ../figures/CSV.png>
Package pdftex.def Info: ../figures/CSV.png  used on input line 159.
(pdftex.def)             Requested size: 37.5563pt x 20.05862pt.

Underfull \hbox (badness 10000) in paragraph at lines 157--160

 []


Underfull \hbox (badness 10000) in paragraph at lines 162--168

 []


Overfull \hbox (2.2222pt too wide) in paragraph at lines 156--169
[] [] 
 []

<../figures/C.png, id=1603, 68.255pt x 31.11626pt>
File: ../figures/C.png Graphic file (type png)
<use ../figures/C.png>
Package pdftex.def Info: ../figures/C.png  used on input line 172.
(pdftex.def)             Requested size: 37.5563pt x 17.1211pt.

Underfull \hbox (badness 10000) in paragraph at lines 171--173

 []


Underfull \hbox (badness 10000) in paragraph at lines 175--178

 []


Overfull \hbox (2.2222pt too wide) in paragraph at lines 170--179
[] [] 
 []

<../figures/omit.png, id=1604, 67.25125pt x 116.435pt>
File: ../figures/omit.png Graphic file (type png)
<use ../figures/omit.png>
Package pdftex.def Info: ../figures/omit.png  used on input line 182.
(pdftex.def)             Requested size: 37.5563pt x 65.0237pt.

Underfull \hbox (badness 10000) in paragraph at lines 185--190

 []


Overfull \hbox (2.2222pt too wide) in paragraph at lines 180--191
[] [] 
 []

<../figures/formats.png, id=1605, 259.97125pt x 95.35625pt>
File: ../figures/formats.png Graphic file (type png)
<use ../figures/formats.png>
Package pdftex.def Info: ../figures/formats.png  used on input line 194.
(pdftex.def)             Requested size: 113.81102pt x 41.74443pt.

Underfull \hbox (badness 10000) in paragraph at lines 197--200

 []


Overfull \hbox (2.2222pt too wide) in paragraph at lines 192--201
[] [] 
 []

<../figures/ierr.png, id=1606, 215.80624pt x 117.43875pt>
File: ../figures/ierr.png Graphic file (type png)
<use ../figures/ierr.png>
Package pdftex.def Info: ../figures/ierr.png  used on input line 204.
(pdftex.def)             Requested size: 96.74005pt x 52.64444pt.

Underfull \hbox (badness 10000) in paragraph at lines 207--211

 []


Overfull \hbox (2.2222pt too wide) in paragraph at lines 202--212
[] [] 
 []

File: ../figures/ierr.png Graphic file (type png)
<use ../figures/ierr.png>
Package pdftex.def Info: ../figures/ierr.png  used on input line 215.
(pdftex.def)             Requested size: 96.74005pt x 52.64444pt.

Underfull \hbox (badness 10000) in paragraph at lines 214--216

 []


Overfull \hbox (2.2222pt too wide) in paragraph at lines 213--221
[] [] 
 []

<../figures/contextualhelp.png, id=1607, 477.785pt x 260.975pt>
File: ../figures/contextualhelp.png Graphic file (type png)
<use ../figures/contextualhelp.png>
Package pdftex.def Info: ../figures/contextualhelp.png  used on input line 224.

(pdftex.def)             Requested size: 204.85846pt x 111.8945pt.

Overfull \hbox (2.2222pt too wide) in paragraph at lines 222--230
[] [] 
 []


Overfull \hbox (2.21887pt too wide) in paragraph at lines 240--243
\OT1/cmr/m/n/10 at the com-mand prompt. Data are read from comma-separated vari
-able (\OT1/cmtt/m/n/10 .csv\OT1/cmr/m/n/10 ) files us-ing the \OT1/cmtt/m/n/10
 read.data()
 []


Underfull \hbox (badness 10000) in paragraph at lines 248--249

 []

[72 <../figures/Open.png> <../figures/Save.png> <../figures/PLOT.png> <../figur
es/RUN.png> <../figures/PDF.png> <../figures/CSV.png> <../figures/C.png> <../fi
gures/omit.png> <../figures/formats.png> <../figures/ierr.png> <../figures/cont
extualhelp.png>]
Underfull \hbox (badness 10000) in paragraph at lines 250--266

 []


Underfull \hbox (badness 10000) in paragraph at lines 267--281

 []

Package biblatex Info: Reference section=0 on input line 321.
)
Package atveryend Info: Empty hook `BeforeClearDocument' on input line 101.
 [73]
Package atveryend Info: Empty hook `AfterLastShipout' on input line 101.
 (./trainingcourse.aux)
Package atveryend Info: Executing hook `AtVeryEndDocument' on input line 101.
Package atveryend Info: Executing hook `AtEndAfterFileList' on input line 101.
Package rerunfilecheck Info: File `trainingcourse.out' has not changed.
(rerunfilecheck)             Checksum: CDD05B5382FDC2106E9843BF99622954;4010.


LaTeX Warning: There were undefined references.


LaTeX Warning: There were multiply-defined labels.


Package biblatex Warning: Please (re)run BibTeX on the file(s):
(biblatex)                trainingcourse3-blx
(biblatex)                and rerun LaTeX afterwards.

Package logreq Info: Writing requests to 'trainingcourse.run.xml'.
\openout1 = `trainingcourse.run.xml'.

Package atveryend Info: Empty hook `AtVeryVeryEnd' on input line 101.
 ) 
Here is how much of TeX's memory you used:
 16538 strings out of 481239
 287397 string characters out of 5920378
 759831 words of memory out of 5000000
 31010 multiletter control sequences out of 15000+600000
 545423 words of font info for 72 fonts, out of 8000000 for 9000
 1141 hyphenation exceptions out of 8191
 51i,17n,71p,1397b,1768s stack positions out of 5000i,500n,10000p,200000b,80000s
pdfTeX warning (dest): name{cite.0@galbraith2005} has been referenced but doe
s not exist, replaced by a fixed one

pdfTeX warning (dest): name{cite.0@braun2006} has been referenced but does not 
exist, replaced by a fixed one

pdfTeX warning (dest): name{cite.0@allegre2008} has been referenced but does no
t exist, replaced by a fixed one

{/usr/share/texmf/fonts/enc/dvips/cm-super/cm-super-ts1.enc}</usr/share/texlive
/texmf-dist/fonts/type1/public/amsfonts/cm/cmbx10.pfb></usr/share/texlive/texmf
-dist/fonts/type1/public/amsfonts/cm/cmbx12.pfb></usr/share/texlive/texmf-dist/
fonts/type1/public/amsfonts/cm/cmbxsl10.pfb></usr/share/texlive/texmf-dist/font
s/type1/public/amsfonts/cm/cmcsc10.pfb></usr/share/texlive/texmf-dist/fonts/typ
e1/public/amsfonts/cm/cmex10.pfb></usr/share/texlive/texmf-dist/fonts/type1/pub
lic/amsfonts/cmextra/cmex7.pfb></usr/share/texlive/texmf-dist/fonts/type1/publi
c/amsfonts/cm/cmmi10.pfb></usr/share/texlive/texmf-dist/fonts/type1/public/amsf
onts/cm/cmmi5.pfb></usr/share/texlive/texmf-dist/fonts/type1/public/amsfonts/cm
/cmmi7.pfb></usr/share/texlive/texmf-dist/fonts/type1/public/amsfonts/cm/cmmib1
0.pfb></usr/share/texlive/texmf-dist/fonts/type1/public/amsfonts/cm/cmr10.pfb><
/usr/share/texlive/texmf-dist/fonts/type1/public/amsfonts/cm/cmr12.pfb></usr/sh
are/texlive/texmf-dist/fonts/type1/public/amsfonts/cm/cmr17.pfb></usr/share/tex
live/texmf-dist/fonts/type1/public/amsfonts/cm/cmr5.pfb></usr/share/texlive/tex
mf-dist/fonts/type1/public/amsfonts/cm/cmr6.pfb></usr/share/texlive/texmf-dist/
fonts/type1/public/amsfonts/cm/cmr7.pfb></usr/share/texlive/texmf-dist/fonts/ty
pe1/public/amsfonts/cm/cmr8.pfb></usr/share/texlive/texmf-dist/fonts/type1/publ
ic/amsfonts/cm/cmsy10.pfb></usr/share/texlive/texmf-dist/fonts/type1/public/ams
fonts/cm/cmsy5.pfb></usr/share/texlive/texmf-dist/fonts/type1/public/amsfonts/c
m/cmsy7.pfb></usr/share/texlive/texmf-dist/fonts/type1/public/amsfonts/cm/cmti1
0.pfb></usr/share/texlive/texmf-dist/fonts/type1/public/amsfonts/cm/cmtt10.pfb>
</usr/share/texlive/texmf-dist/fonts/type1/public/amsfonts/cm/cmtt12.pfb></usr/
share/texlive/texmf-dist/fonts/type1/public/amsfonts/cm/cmtt8.pfb></usr/share/t
exmf/fonts/type1/public/lm/lmb10.pfb></usr/share/texmf/fonts/type1/public/cm-su
per/sfrm1000.pfb></usr/share/texlive/texmf-dist/fonts/type1/public/wasy-type1/w
asy10.pfb>
Output written on trainingcourse.pdf (73 pages, 1689156 bytes).
PDF statistics:
 1805 PDF objects out of 2073 (max. 8388607)
 1523 compressed objects within 16 object streams
 456 named destinations out of 1000 (max. 500000)
 807 words of extra memory for PDF output out of 10000 (max. 10000000)

