This is pdfTeX, Version 3.14159265-2.6-1.40.16 (TeX Live 2015/Debian) (preloaded format=latex 2017.11.25)  30 DEC 2017 16:13
entering extended mode
 restricted \write18 enabled.
 %&-line parsing enabled.
**\makeatletter\def\HCode{\futurelet\HCode\HChar}\def\HChar{\ifx"\HCode\def\HCo
de"##1"{\Link##1}\expandafter\HCode\else\expandafter\Link\fi}\def\Link#1.a.b.c.
{\g@addto@macro\@documentclasshook{\RequirePackage[#1,html]{tex4ht}}\let\HCode\
documentstyle\def\documentstyle{\let\documentstyle\HCode\expandafter\def\csname
 tex4ht\endcsname{#1,html}\def\HCode####1{\documentstyle[tex4ht,}\@ifnextchar[{
\HCode}{\documentstyle[tex4ht]}}}\makeatother\HCode html,2,next.a.b.c.\input  i
ndex.tex
(./index.tex (/usr/share/texlive/texmf-dist/tex/latex/base/book.cls
Document Class: book 2014/09/29 v1.4h Standard LaTeX document class
(/usr/share/texlive/texmf-dist/tex/latex/base/bk10.clo
File: bk10.clo 2014/09/29 v1.4h Standard LaTeX file (size option)
)
\c@part=\count79
\c@chapter=\count80
\c@section=\count81
\c@subsection=\count82
\c@subsubsection=\count83
\c@paragraph=\count84
\c@subparagraph=\count85
\c@figure=\count86
\c@table=\count87
\abovecaptionskip=\skip41
\belowcaptionskip=\skip42
\bibindent=\dimen102
)
(/usr/share/texmf/tex/generic/tex4ht/tex4ht.sty
version 2008-10-27-17:23
Package: tex4ht 
--------------------------------------
--- Note --- for _ at preamble, use the command line option `early_'
--------------------------------------
--------------------------------------
--- Note --- for ^ at preamble, use the command line option `early^'
--------------------------------------
\tmp:toks=\toks14
)
(/usr/share/texmf/tex/generic/tex4ht/usepackage.4ht
version 2009-05-21-09:32
)
(/usr/share/texlive/texmf-dist/tex/latex/geometry/geometry.sty
Package: geometry 2010/09/12 v5.6 Page Geometry

(/usr/share/texlive/texmf-dist/tex/latex/graphics/keyval.sty
Package: keyval 2014/10/28 v1.15 key=value parser (DPC)
\KV@toks@=\toks15
)
(/usr/share/texlive/texmf-dist/tex/generic/oberdiek/ifpdf.sty
Package: ifpdf 2011/01/30 v2.3 Provides the ifpdf switch (HO)
Package ifpdf Info: pdfTeX in PDF mode is not detected.
)
(/usr/share/texlive/texmf-dist/tex/generic/oberdiek/ifvtex.sty
Package: ifvtex 2010/03/01 v1.5 Detect VTeX and its facilities (HO)
Package ifvtex Info: VTeX not detected.
)
(/usr/share/texlive/texmf-dist/tex/generic/ifxetex/ifxetex.sty
Package: ifxetex 2010/09/12 v0.6 Provides ifxetex conditional
)
\Gm@cnth=\count88
\Gm@cntv=\count89
\c@Gm@tempcnt=\count90
\Gm@bindingoffset=\dimen103
\Gm@wd@mp=\dimen104
\Gm@odd@mp=\dimen105
\Gm@even@mp=\dimen106
\Gm@layoutwidth=\dimen107
\Gm@layoutheight=\dimen108
\Gm@layouthoffset=\dimen109
\Gm@layoutvoffset=\dimen110
\Gm@dimlist=\toks16
)
(/usr/share/texlive/texmf-dist/tex/latex/amsmath/amsmath.sty
Package: amsmath 2016/03/03 v2.15a AMS math features
\@mathmargin=\skip43

For additional information on amsmath, use the `?' option.
(/usr/share/texlive/texmf-dist/tex/latex/amsmath/amstext.sty
Package: amstext 2000/06/29 v2.01 AMS text

(/usr/share/texlive/texmf-dist/tex/latex/amsmath/amsgen.sty
File: amsgen.sty 1999/11/30 v2.0 generic functions
\@emptytoks=\toks17
\ex@=\dimen111
))
(/usr/share/texlive/texmf-dist/tex/latex/amsmath/amsbsy.sty
Package: amsbsy 1999/11/29 v1.2d Bold Symbols
\pmbraise@=\dimen112
)
(/usr/share/texlive/texmf-dist/tex/latex/amsmath/amsopn.sty
Package: amsopn 1999/12/14 v2.01 operator names
)
\inf@bad=\count91
LaTeX Info: Redefining \frac on input line 199.
\uproot@=\count92
\leftroot@=\count93
LaTeX Info: Redefining \overline on input line 297.
\classnum@=\count94
\DOTSCASE@=\count95
LaTeX Info: Redefining \ldots on input line 394.
LaTeX Info: Redefining \dots on input line 397.
LaTeX Info: Redefining \cdots on input line 518.
\Mathstrutbox@=\box26
\strutbox@=\box27
\big@size=\dimen113
LaTeX Font Info:    Redeclaring font encoding OML on input line 630.
LaTeX Font Info:    Redeclaring font encoding OMS on input line 631.
\macc@depth=\count96
\c@MaxMatrixCols=\count97
\dotsspace@=\muskip10
\c@parentequation=\count98
\dspbrk@lvl=\count99
\tag@help=\toks18
\row@=\count100
\column@=\count101
\maxfields@=\count102
\andhelp@=\toks19
\eqnshift@=\dimen114
\alignsep@=\dimen115
\tagshift@=\dimen116
\tagwidth@=\dimen117
\totwidth@=\dimen118
\lineht@=\dimen119
\@envbody=\toks20
\multlinegap=\skip44
\multlinetaggap=\skip45
\mathdisplay@stack=\toks21
LaTeX Info: Redefining \[ on input line 2735.
LaTeX Info: Redefining \] on input line 2736.
)
(/usr/share/texlive/texmf-dist/tex/latex/graphics/graphicx.sty
Package: graphicx 2014/10/28 v1.0g Enhanced LaTeX Graphics (DPC,SPQR)

(/usr/share/texlive/texmf-dist/tex/latex/graphics/graphics.sty
Package: graphics 2016/01/03 v1.0q Standard LaTeX Graphics (DPC,SPQR)

(/usr/share/texlive/texmf-dist/tex/latex/graphics/trig.sty
Package: trig 2016/01/03 v1.10 sin cos tan (DPC)
)
(/usr/share/texlive/texmf-dist/tex/latex/latexconfig/graphics.cfg
File: graphics.cfg 2010/04/23 v1.9 graphics configuration of TeX Live
)
Package graphics Info: Driver file: dvips.def on input line 95.

(/usr/share/texlive/texmf-dist/tex/latex/graphics/dvips.def
File: dvips.def 2015/12/30 v3.0k Driver-dependent file (DPC,SPQR)
))
\Gin@req@height=\dimen120
\Gin@req@width=\dimen121
)
(/usr/share/texlive/texmf-dist/tex/latex/wasysym/wasysym.sty
Package: wasysym 2003/10/30 v2.0 Wasy-2 symbol support package
\symwasy=\mathgroup4
LaTeX Font Info:    Overwriting symbol font `wasy' in version `bold'
(Font)                  U/wasy/m/n --> U/wasy/b/n on input line 90.
)
(/usr/share/texlive/texmf-dist/tex/latex/upquote/upquote.sty
Package: upquote 2012/04/19 v1.3 upright-quote and grave-accent glyphs in verba
tim
)
(/usr/share/texlive/texmf-dist/tex/latex/natbib/natbib.sty
Package: natbib 2010/09/13 8.31b (PWD, AO)
\bibhang=\skip46
\bibsep=\skip47
LaTeX Info: Redefining \cite on input line 694.
\c@NAT@ctr=\count103
)
(/usr/share/texlive/texmf-dist/tex/latex/graphics/color.sty
Package: color 2016/01/03 v1.1b Standard LaTeX Color (DPC)

(/usr/share/texlive/texmf-dist/tex/latex/latexconfig/color.cfg
File: color.cfg 2007/01/18 v1.5 color configuration of teTeX/TeXLive
)
Package color Info: Driver file: dvips.def on input line 143.

(/usr/share/texlive/texmf-dist/tex/latex/graphics/dvipsnam.def
File: dvipsnam.def 2015/12/30 v3.0k Driver-dependent file (DPC,SPQR)
))
(/usr/share/texmf/tex/generic/tex4ht/tex4ht.4ht
version 2009-01-07-07:11
--------------------------------------
--- Note --- for additional information, use the command line option `info'
--------------------------------------

::::::::::::::::::::::::::::::::::::::::::
 TeX4ht info is available in the log file 
::::::::::::::::::::::::::::::::::::::::::
) (/usr/share/texmf/tex/generic/tex4ht/tex4ht.sty
version 2008-10-27-17:23

--- needs --- tex4ht index ---
\tmp:cnt=\count104
\openout15 = `index.tmp'.

(./index.tmp)
\tmp:dim=\skip48
--------------------------------------
--- Note --- for XML code, use the command line option `xml' or `xhtml'
--------------------------------------
 (./index.xref)
\:refout=\write3
\openout3 = `index.xref'.

 (/usr/share/texmf/tex/generic/tex4ht/html4.4ht
version 2009-05-18-23:01
--------------------------------------
--- Note --- to remove the <?xml version=...?> processing instruction use the c
ommand line option `no-VERSION'
--------------------------------------
--------------------------------------
--- Note --- to remove the DOCTYPE declaration use the command line option `no-
DOCTYPE'
--------------------------------------
)
(/usr/share/texmf/tex/generic/tex4ht/html4-math.4ht
version 2009-05-18-23:01
)
--------------------------------------
--- Note --- for marking of the base font, use the command line option `fonts+'

--------------------------------------
--------------------------------------
--- Note --- for non active _, use the command line option `no_'
--------------------------------------
--------------------------------------
--- Note --- for _ of catcode 13, use the command line option `_13'
--------------------------------------
--------------------------------------
--- Note --- for non active ^, use the command line option `no^'
--------------------------------------
--------------------------------------
--- Note --- for ^ of catcode 13, use the command line option `^13'
--------------------------------------

(/usr/share/texmf/tex/generic/tex4ht/html4.4ht
version 2009-05-18-23:01
--------------------------------------
--- Note --- For section filenames that reflect on their titles use the command
 line option `sec-filename'
--------------------------------------
--------------------------------------
--- Note --- for alternative charset, use the command line option `charset=...'

--------------------------------------
--------------------------------------
--- Note --- to ignore CSS font decoration, use the `NoFonts' command line opti
on
--------------------------------------
--------------------------------------
--- Note --- for jpg bitmaps of pictures, use the `jpg' command line option. (C
haracter bitmaps are controled only by `g' records of tex4ht.env and `-g' switc
hes of tex4ht.c) 
--------------------------------------
--------------------------------------
--- Note --- for gif bitmaps of pictures, use the `gif' command line option. (C
haracter bitmaps are controled only by `g' records of tex4ht.env and `-g' switc
hes of tex4ht.c) 
--------------------------------------
--------------------------------------
--- Note --- for content and toc in 2 frames, use the command line option `fram
es'
--------------------------------------
--------------------------------------
--- Note --- for content, toc, and footnotes in 3 frames, use the command line 
option `frames-fn'
--------------------------------------
--------------------------------------
--- Note --- for file extension name xht, use the command line option `xht'
--------------------------------------
TeX4ht package options: html,2,next
--------------------------------------
--- Note --- to ignore CSS code, use the command line option `-css
--------------------------------------
--------------------------------------
--- Note --- for inline CSS code, use the command line option `css-in'
--------------------------------------
--------------------------------------
--- Note --- for pop ups on mouse over, use the command line option `mouseover'

--------------------------------------
--------------------------------------
--- Note --- for addressing images in a subdirectory, use the command line opti
on `imgdir:.../'
--------------------------------------
)
(/usr/share/texmf/tex/generic/tex4ht/html4-math.4ht
version 2009-05-18-23:01
)
\:tokwrite=\toks22
\:tokpage=\toks23
--------------------------------------
--- Note --- for back links to toc, use the command line option `sections+'
--------------------------------------
\openout15 = `index.4ct'.

\:tocout=\write4
\openout4 = `index.4tc'.


(/usr/share/texmf/tex/generic/tex4ht/html4.4ht
version 2009-05-18-23:01
)
(/usr/share/texmf/tex/generic/tex4ht/html4-math.4ht
version 2009-05-18-23:01
)
(/usr/share/texmf/tex/generic/tex4ht/latex.4ht
version 2009-05-21-09:32
--------------------------------------
--- Note --- for links into captions, instead of float heads, use the command l
ine option `refcaption'
--------------------------------------

(/usr/share/texmf/tex/generic/tex4ht/html4.4ht
version 2009-05-18-23:01
--------------------------------------
--- Note --- For mini tocs immediately aftter the header use the command line o
ption `minitoc<'
--------------------------------------
--------------------------------------
--- Note --- for enumerated list elements with valued data, use the command lin
e option `enumerate+'
--------------------------------------
--------------------------------------
--- Note --- for enumerated list elements li's with value attributes, use the c
ommand line option `enumerate-'
--------------------------------------
--------------------------------------
--- Note --- for CSS2 code, use the command line option `css2'
--------------------------------------
--------------------------------------
--- Note --- for pictorial tabular, use the command line option `pic-tabular'
--------------------------------------
--------------------------------------
--- Note --- for bitmap fbox'es, use the command line option `pic-fbox'
--------------------------------------
--------------------------------------
--- Note --- for bitmap framebox'es, use the command line option `pic-framebox'

--------------------------------------
--------------------------------------
--- Note --- for inline footnotes use command line option `fn-in'
--------------------------------------
--------------------------------------
--- Note --- for tracing of latex font commands, use the command line option `f
onts'
--------------------------------------
--------------------------------------
--- Note --- for width specifications of tabular p entries, use the `p-width' c
ommand line option or a configuration similar to \Configure{HColWidth}{\HCode{ 
style="width:\HColWidth"}}
--------------------------------------
)
(/usr/share/texmf/tex/generic/tex4ht/html4-math.4ht
version 2009-05-18-23:01
--------------------------------------
--- Note --- for pictorial eqnarray, use the command line option `pic-eqnarray'

--------------------------------------
--------------------------------------
--- Note --- for pictorial array, use the command line option `pic-array'
--------------------------------------
--------------------------------------
--- Note --- for pictorial $...$ environments, use the command line option `pic
-m' (not recommended!!)
--------------------------------------
--------------------------------------
--- Note --- for pictorial $...$ and $$...$$ environments with latex alt, use t
he command line option `pic-m+' (not safe!!)
--------------------------------------
--------------------------------------
--- Note --- for pictorial array, use the command line option `pic-array'
--------------------------------------
))
(/usr/share/texmf/tex/generic/tex4ht/fontmath.4ht
version 2009-05-21-09:32

(/usr/share/texmf/tex/generic/tex4ht/html4.4ht
version 2009-05-18-23:01
)
(/usr/share/texmf/tex/generic/tex4ht/html4-math.4ht
version 2009-05-18-23:01
))
(/usr/share/texmf/tex/generic/tex4ht/book.4ht
version 2009-05-21-09:32

(/usr/share/texmf/tex/generic/tex4ht/html4.4ht
version 2009-05-18-23:01
--------------------------------------
--- Note --- for tocs without * entries, use command line option `notoc*'
--------------------------------------
--------------------------------------
--- Note --- for tocs without * entries, use command line option `notoc*'
--------------------------------------
--------------------------------------
--- Note --- to eliminate mini tables of contents, use the command line option 
`nominitoc'
--------------------------------------
--------------------------------------
--- Note --- for frames-like object-based table of contents, use the command li
ne option `obj-toc'
--------------------------------------
--------------------------------------
--- Note --- for files named derived from section titles, use the command line 
option `sec-filename'
--------------------------------------
--------------------------------------
--- Note --- for i-columns index, use the command line option `index=i' (e.g., 
index=2)
--------------------------------------
)
(/usr/share/texmf/tex/generic/tex4ht/html4-math.4ht
version 2009-05-18-23:01
))
(/usr/share/texmf/tex/generic/tex4ht/amsmath.4ht
version 2009-05-21-09:32
\tmp:muskip=\muskip11

(/usr/share/texmf/tex/generic/tex4ht/html4.4ht
version 2009-05-18-23:01
)
(/usr/share/texmf/tex/generic/tex4ht/html4-math.4ht
version 2009-05-18-23:01
))
(/usr/share/texmf/tex/generic/tex4ht/amstext.4ht
version 2009-05-21-09:32

(/usr/share/texmf/tex/generic/tex4ht/html4.4ht
version 2009-05-18-23:01
)
(/usr/share/texmf/tex/generic/tex4ht/html4-math.4ht
version 2009-05-18-23:01
))
(/usr/share/texmf/tex/generic/tex4ht/amsbsy.4ht
version 2009-05-21-09:32

(/usr/share/texmf/tex/generic/tex4ht/html4.4ht
version 2009-05-18-23:01
)
(/usr/share/texmf/tex/generic/tex4ht/html4-math.4ht
version 2009-05-18-23:01
))
(/usr/share/texmf/tex/generic/tex4ht/amsopn.4ht
version 2009-05-21-09:32

(/usr/share/texmf/tex/generic/tex4ht/html4.4ht
version 2009-05-18-23:01
)
(/usr/share/texmf/tex/generic/tex4ht/html4-math.4ht
version 2009-05-18-23:01
))
(/usr/share/texmf/tex/generic/tex4ht/graphicx.4ht
version 2009-05-21-09:32

(/usr/share/texmf/tex/generic/tex4ht/html4.4ht
version 2009-05-18-23:01
)
(/usr/share/texmf/tex/generic/tex4ht/html4-math.4ht
version 2009-05-18-23:01
))
(/usr/share/texmf/tex/generic/tex4ht/graphics.4ht
version 2009-05-21-09:32

(/usr/share/texmf/tex/generic/tex4ht/html4.4ht
version 2009-05-18-23:01
--------------------------------------
--- Note --- if included graphics are of degraded quality, try the command line
 options `graphics-num' or `graphics-'. The `num' should provide the density of
 pixels in the bitmaps (e.g., 110). 
--------------------------------------
--------------------------------------
--- Note --- for key dimensions try the option `Gin-dim'; for key dimensions wh
en bounding box is unavailable try `Gin-dim+'; neither is recommended
--------------------------------------
)
(/usr/share/texmf/tex/generic/tex4ht/html4-math.4ht
version 2009-05-18-23:01
))
(/usr/share/texmf/tex/generic/tex4ht/dvips.4ht
version 2009-05-21-09:32

(/usr/share/texmf/tex/generic/tex4ht/html4.4ht
version 2009-05-18-23:01
)
(/usr/share/texmf/tex/generic/tex4ht/html4-math.4ht
version 2009-05-18-23:01
))
(/usr/share/texmf/tex/generic/tex4ht/natbib.4ht
version 2009-05-21-09:32

(/usr/share/texmf/tex/generic/tex4ht/html4.4ht
version 2009-05-18-23:01
)
(/usr/share/texmf/tex/generic/tex4ht/html4-math.4ht
version 2009-05-18-23:01
))
(/usr/share/texmf/tex/generic/tex4ht/color.4ht
version 2009-05-21-09:32

(/usr/share/texmf/tex/generic/tex4ht/html4.4ht
version 2009-05-18-23:01
)
(/usr/share/texmf/tex/generic/tex4ht/html4-math.4ht
version 2009-05-18-23:01
))
(/usr/share/texmf/tex/generic/tex4ht/dvipsnam.4ht
version 2009-05-21-09:32

(/usr/share/texlive/texmf-dist/tex/latex/graphics/dvipsnam.def)
(/usr/share/texmf/tex/generic/tex4ht/html4.4ht
version 2009-05-18-23:01
)
(/usr/share/texmf/tex/generic/tex4ht/html4-math.4ht
version 2009-05-18-23:01
))
(/usr/share/texmf/tex/generic/tex4ht/html4.4ht
version 2009-05-18-23:01
)
(/usr/share/texmf/tex/generic/tex4ht/html4-math.4ht
version 2009-05-18-23:01
)) (./index.aux)
\openout1 = `index.aux'.

LaTeX Font Info:    Checking defaults for OML/cmm/m/it on input line 10.
LaTeX Font Info:    ... okay on input line 10.
LaTeX Font Info:    Checking defaults for T1/cmr/m/n on input line 10.
LaTeX Font Info:    ... okay on input line 10.
LaTeX Font Info:    Checking defaults for OT1/cmr/m/n on input line 10.
LaTeX Font Info:    ... okay on input line 10.
LaTeX Font Info:    Checking defaults for OMS/cmsy/m/n on input line 10.
LaTeX Font Info:    ... okay on input line 10.
LaTeX Font Info:    Checking defaults for OMX/cmex/m/n on input line 10.
LaTeX Font Info:    ... okay on input line 10.
LaTeX Font Info:    Checking defaults for U/cmr/m/n on input line 10.
LaTeX Font Info:    ... okay on input line 10.

*geometry* driver: auto-detecting
*geometry* detected driver: dvips
*geometry* verbose mode - [ preamble ] result:
* driver: dvips
* paper: a5paper
* layout: <same size as paper>
* layoutoffset:(h,v)=(0.0pt,0.0pt)
* modes: twoside 
* h-part:(L,W,R)=(56.9055pt, 307.28978pt, 56.9055pt)
* v-part:(T,H,B)=(56.9055pt, 483.69687pt, 56.9055pt)
* \paperwidth=421.10078pt
* \paperheight=597.50787pt
* \textwidth=307.28978pt
* \textheight=483.69687pt
* \oddsidemargin=0.0pt
* \evensidemargin=0.0pt
* \topmargin=-45.43198pt
* \headheight=12.0pt
* \headsep=18.06749pt
* \topskip=10.0pt
* \footskip=25.29494pt
* \marginparwidth=125.0pt
* \marginparsep=7.0pt
* \columnsep=10.0pt
* \skip\footins=9.0pt plus 4.0pt minus 2.0pt
* \hoffset=0.0pt
* \voffset=0.0pt
* \mag=1000
* \@twocolumnfalse
* \@twosidetrue
* \@mparswitchtrue
* \@reversemarginfalse
* (1in=72.27pt=25.4mm, 1cm=28.453pt)

--- file index.css ---
[1

] [2

] [3] [1] [2] (./index.4ct
LaTeX Font Info:    Try loading font information for U+wasy on input line 19.

(/usr/share/texlive/texmf-dist/tex/latex/wasysym/uwasy.fd
File: uwasy.fd 2003/10/30 v2.0 Wasy-2 symbol font definitions
) [3

])
--- file indexli1.html ---
 (./index.4ct
[4]) [5] [6

]
Chapter 1.
--- file indexch1.html ---
[7

] [8] [9

] [10

]
--- file indexli2.html ---
 [11] [12] [13] [14

]
Chapter 2.
--- file indexch2.html ---
[15

] [16]
l. 329 Writing index.idv[1] (index0x.png)
 [17] [18] [19

]
l.350 --- TeX4ht warning --- Cannot determine size of graphic in chart-of-nucli
des.png (no BoundingBox) ---
l. 350 --- needs --- chart-of-nuclides.png ---
[20

]
l. 371 Writing index.idv[2] (index1x.png)
l. 378 Writing index.idv[3] (index2x.png)
 [21

]
l. 390 Writing index.idv[4] (index3x.png)
l. 397 Writing index.idv[5] (index4x.png)
 [22]
l. 405 Writing index.idv[6] (index5x.png)
l. 415 Writing index.idv[7] (index6x.png)
 [23]
l. 434 Writing index.idv[8] (index7x.png)
 [24]
l. 450 Writing index.idv[9] (index8x.png)
l. 457 Writing index.idv[10] (index9x.png)
 [25]
l. 465 Writing index.idv[11] (index10x.png)
l. 476 Writing index.idv[12] (index11x.png)
 [26]
l. 483 Writing index.idv[13] (index12x.png)
l. 492 Writing index.idv[14] (index13x.png)
 [27]
l. 499 Writing index.idv[15] (index14x.png)
l. 506 Writing index.idv[16] (index15x.png)
l. 521 Writing index.idv[17] (index16x.png)
 [28]
l. 530 Writing index.idv[18] (index17x.png)
l. 537 Writing index.idv[19] (index18x.png)
 [29]
l. 545 Writing index.idv[20] (index19x.png)
l. 555 Writing index.idv[21] (index20x.png)
 [30] [31] [32

]
l.574 --- TeX4ht warning --- Cannot determine size of graphic in U-Th-series.pn
g (no BoundingBox) ---
l. 574 --- needs --- U-Th-series.png ---
[33

] [34

] [35

] [36

]
Chapter 3.
--- file indexch3.html ---
[37]
l. 631 Writing index.idv[22] (index21x.png)
l. 642 Writing index.idv[23] (index22x.png)
 [38]
l. 649 Writing index.idv[24] (index23x.png)
l. 656 Writing index.idv[25] (index24x.png)
 [39]
l. 663 Writing index.idv[26] (index25x.png)
 [40] [41

]
l.688 --- TeX4ht warning --- Cannot determine size of graphic in mass-spec.png 
(no BoundingBox) ---
l. 688 --- needs --- mass-spec.png ---
[42

] [43

]
l. 746 Writing index.idv[27] (index26x.png)
 [44] [45

]
l.768 --- TeX4ht warning --- Cannot determine size of graphic in AMS.png (no Bo
undingBox) ---
l. 768 --- needs --- AMS.png ---
[46

]
l. 788 Writing index.idv[28] (index27x.png)
l. 795 Writing index.idv[29] (index28x.png)
 [47

]
l. 807 Writing index.idv[30] (index29x.png)
l. 817 Writing index.idv[31] (index30x.png)
 [48]
l. 824 Writing index.idv[32] (index31x.png)
l. 832 Writing index.idv[33] (index32x.png)
 [49]
l. 869 Writing index.idv[34] (index33x.png)
 [50]
l. 876 Writing index.idv[35] (index34x.png)
l. 886 Writing index.idv[36] (index35x.png)
 [51] [52] [53

] [54

]
Chapter 4.
--- file indexch4.html ---
l. 915 Writing index.idv[37] (index36x.png)
[55]
l. 925 Writing index.idv[38] (index37x.png)
 [56]
l. 989 Writing index.idv[39] (index38x.png)
 [57]
l. 999 Writing index.idv[40] (index39x.png)
l. 1011 Writing index.idv[41] (index40x.png)
 [58]
l. 1020 Writing index.idv[42] (index41x.png)
l. 1027 Writing index.idv[43] (index42x.png)
l. 1042 Writing index.idv[44] (index43x.png)
 [59] [60] [61

]
l.1075 --- TeX4ht warning --- Cannot determine size of graphic in isochron.png 
(no BoundingBox) ---
l. 1075 --- needs --- isochron.png ---
[62

]
l. 1120 Writing index.idv[45] (index44x.png)
 [63

]
l. 1127 Writing index.idv[46] (index45x.png)
l. 1139 Writing index.idv[47] (index46x.png)
 [64] [65] [66

]
Chapter 5.
--- file indexch5.html ---
l. 1172 Writing index.idv[48] (index47x.png)
LaTeX Font Info:    Try loading font information for OMS+cmr on input line 1192
.
(/usr/share/texlive/texmf-dist/tex/latex/base/omscmr.fd
File: omscmr.fd 2014/09/29 v2.5h Standard LaTeX font definitions
)
LaTeX Font Info:    Font shape `OMS/cmr/m/n' in size <10> not available
(Font)              Font shape `OMS/cmsy/m/n' tried instead on input line 1192.

 [67

]
l. 1204 Writing index.idv[49] (index48x.png)
l. 1219 Writing index.idv[50] (index49x.png)
 [68]
l. 1240 Writing index.idv[51] (index50x.png)
l. 1252 Writing index.idv[52] (index51x.png)
l. 1256 Writing index.idv[53] (index52x.png)
 [69]
[70]
l. 1296 Writing index.idv[54] (index53x.png)
l. 1322 Writing index.idv[55] (index54x.png)
 [71]
l. 1340 Writing index.idv[56] (index55x.png)
 [72] [73] [74

]
l.1375 --- TeX4ht warning --- Cannot determine size of graphic in wetherill.png
 (no BoundingBox) ---
l. 1375 --- needs --- wetherill.png ---
[75

] [76

] [77

] [78

]
Chapter 6.
--- file indexch6.html ---
l. 1439 Writing index.idv[57] (index56x.png)
l. 1456 Writing index.idv[58] (index57x.png)
[79]
l. 1467 Writing index.idv[59] (index58x.png)
 [80]
l. 1490 Writing index.idv[60] (index59x.png)
l. 1503 Writing index.idv[61] (index60x.png)
 [81]
l. 1535 Writing index.idv[62] (index61x.png)
 [82]
l. 1543 Writing index.idv[63] (index62x.png)
l. 1544 Writing index.idv[64] (index63x.png)
 [83] [84

]
l.1553 --- TeX4ht warning --- Cannot determine size of graphic in Ar-Ar.png (no
 BoundingBox) ---
l. 1553 --- needs --- Ar-Ar.png ---
[85

] [86

] [87

] [88

]
Chapter 7.
--- file indexch7.html ---
l. 1619 Writing index.idv[65] (index64x.png)
[89]
l. 1649 Writing index.idv[66] (index65x.png)
l. 1659 Writing index.idv[67] (index66x.png)
 [90]
l. 1669 Writing index.idv[68] (index67x.png)
 [91]
l. 1690 Writing index.idv[69] (index68x.png)
 [92] [93

]
l.1722 --- TeX4ht warning --- Cannot determine size of graphic in Arrhenius.png
 (no BoundingBox) ---
l. 1722 --- needs --- Arrhenius.png ---
[94

]
l. 1753 Writing index.idv[70] (index69x.png)
 [95

]
l. 1766 Writing index.idv[71] (index70x.png)
l. 1775 Writing index.idv[72] (index71x.png)
 [96]
l. 1796 Writing index.idv[73] (index72x.png)
 [97]
l. 1820 Writing index.idv[74] (index73x.png)
l. 1830 Writing index.idv[75] (index74x.png)
l. 1838 Writing index.idv[76] (index75x.png)
 [98] [99] [100

]
l.1871 --- TeX4ht warning --- Cannot determine size of graphic in EDM.png (no B
oundingBox) ---
l. 1871 --- needs --- EDM.png ---
[101

] [102

] [103

]
l.1885 --- TeX4ht warning --- Cannot determine size of graphic in stockli.png (
no BoundingBox) ---
l. 1885 --- needs --- stockli.png ---
[104

] [105

] [106

]
Chapter 8.
--- file indexch8.html ---
--- file index12.html ---
[107


] [108] [109

] [110

]
l. 1985 Writing index.idv[77] (index76x.png)
 [111

]
l. 2003 Writing index.idv[78] (index77x.png)
l. 2021 Writing index.idv[79] (index78x.png)
 [112]
l. 2030 Writing index.idv[80] (index79x.png)
 [113] [114] [115

]
l.2080 --- TeX4ht warning --- Cannot determine size of graphic in AlBe.png (no 
BoundingBox) ---
l. 2080 --- needs --- AlBe.png ---
l.2081 --- TeX4ht warning --- Cannot determine size of graphic in NeBe.png (no 
BoundingBox) ---
l. 2081 --- needs --- NeBe.png ---
[116

] [117

]
Missing character: There is no â in font cmr10!
Missing character: There is no € in font cmr10!
Missing character: There is no ™ in font cmr10!
 [118] [119

] [120

]
Chapter 9.
--- file indexch9.html ---
l. 2185 Writing index.idv[81] (index80x.png)
[121]
l. 2225 Writing index.idv[82] (index81x.png)
l. 2235 Writing index.idv[83] (index82x.png)
 [122]
l. 2242 Writing index.idv[84] (index83x.png)
l. 2260 Writing index.idv[85] (index84x.png)
 [123]
l. 2273 Writing index.idv[86] (index85x.png)
 [124]
l. 2302 Writing index.idv[87] (index86x.png)
l. 2302 Writing index.idv[88] (index87x.png)
l. 2310 Writing index.idv[89] (index88x.png)
 [125]
l. 2321 Writing index.idv[90] (index89x.png)
l. 2331 Writing index.idv[91] (index90x.png)
 [126] [127] [128

]
Chapter 10.
--- file indexch10.html ---
l. 2366 Writing index.idv[92] (index91x.png)
[129

]
l. 2374 Writing index.idv[93] (index92x.png)
l. 2388 Writing index.idv[94] (index93x.png)
 [130]
l. 2403 Writing index.idv[95] (index94x.png)
l. 2417 Writing index.idv[96] (index95x.png)
 [131]
l. 2432 Writing index.idv[97] (index96x.png)
l. 2440 Writing index.idv[98] (index97x.png)
 [132]
l. 2455 Writing index.idv[99] (index98x.png)
l. 2455 Writing index.idv[100] (index99x.png)
l. 2455 Writing index.idv[101] (index100x.png)
l. 2455 Writing index.idv[102] (index101x.png)
l. 2455 Writing index.idv[103] (index102x.png)
l. 2455 Writing index.idv[104] (index103x.png)
l. 2461 Writing index.idv[105] (index104x.png)
 [133]
l. 2497 Writing index.idv[106] (index105x.png)
l. 2497 Writing index.idv[107] (index106x.png)
 [134]
l. 2500 Writing index.idv[108] (index107x.png)
l. 2514 Writing index.idv[109] (index108x.png)
l. 2514 Writing index.idv[110] (index109x.png)
l. 2514 Writing index.idv[111] (index110x.png)
l. 2514 Writing index.idv[112] (index111x.png)
l. 2514 Writing index.idv[113] (index112x.png)
l. 2514 Writing index.idv[114] (index113x.png)
 [135]
l. 2517 Writing index.idv[115] (index114x.png)
l. 2525 Writing index.idv[116] (index115x.png)
 [136]
l. 2532 Writing index.idv[117] (index116x.png)
l. 2544 Writing index.idv[118] (index117x.png)
l. 2549 Writing index.idv[119] (index118x.png)
 [137]
l. 2558 Writing index.idv[120] (index119x.png)
 [138] [139

]
l.2577 --- TeX4ht warning --- Cannot determine size of graphic in bullseye.png 
(no BoundingBox) ---
l. 2577 --- needs --- bullseye.png ---
[140

] [141

] [142

]
l.2593 --- TeX4ht warning --- Cannot determine size of graphic in covariance.pn
g (no BoundingBox) ---
l. 2593 --- needs --- covariance.png ---
[143

] [144

] [145

] [146

]
Chapter 11.
--- file indexch11.html ---
[147] [148] [149] [150

]
Chapter 12.
--- file indexch12.html ---
[151

] [152] [153] [154] [155] [156] [157

] [158

] [159

] [160] [161]
l. 3020 Writing index.idv[121] (index120x.png)
 [162]
[163] [164]
l. 3095 Writing index.idv[122] (index121x.png)
l. 3100 Writing index.idv[123] (index122x.png)
 [165] [166] [167

] (./index.aux) ) 
Here is how much of TeX's memory you used:
 7506 strings out of 493030
 91739 string characters out of 6136259
 285192 words of memory out of 5000000
 10903 multiletter control sequences out of 15000+600000
 8869 words of font info for 33 fonts, out of 8000000 for 9000
 1141 hyphenation exceptions out of 8191
 32i,12n,35p,2233b,598s stack positions out of 5000i,500n,10000p,200000b,80000s

Output written on index.dvi (170 pages, 426308 bytes).
